
*** Running vivado
    with args -log inst_mem.vds -m64 -product Vivado -mode batch -messageDb vivado.pb -notrace -source inst_mem.tcl



****** Vivado v2022.2 (64-bit)
  **** SW Build 3671981 on Fri Oct 14 05:00:03 MDT 2022
  **** IP Build 3669848 on Fri Oct 14 08:30:02 MDT 2022
    ** Copyright 1986-2022 Xilinx, Inc. All Rights Reserved.

source inst_mem.tcl -notrace
create_project: Time (s): cpu = 00:00:05 ; elapsed = 00:00:05 . Memory (MB): peak = 393.844 ; gain = 67.258
INFO: [IP_Flow 19-6924] IPCACHE: Running cache check for IP inst: inst_mem
Command: synth_design -top inst_mem -part xc7a100tcsg324-1 -incremental_mode off -mode out_of_context
Starting synth_design
Attempting to get a license for feature 'Synthesis' and/or device 'xc7a100t'
INFO: [Common 17-349] Got license for feature 'Synthesis' and/or device 'xc7a100t'
INFO: [Device 21-403] Loading part xc7a100tcsg324-1
INFO: [Synth 8-7079] Multithreading enabled for synth_design using a maximum of 2 processes.
INFO: [Synth 8-7078] Launching helper process for spawning children vivado processes
INFO: [Synth 8-7075] Helper process launched with PID 12440
INFO: [Synth 8-11241] undeclared symbol 'REGCCE', assumed default net type 'wire' [D:/Software/Vivado2022/Vivado/2022.2/data/verilog/src/unimacro/BRAM_SINGLE_MACRO.v:2170]
---------------------------------------------------------------------------------
Starting RTL Elaboration : Time (s): cpu = 00:00:06 ; elapsed = 00:00:06 . Memory (MB): peak = 1229.359 ; gain = 407.473
---------------------------------------------------------------------------------
INFO: [Synth 8-638] synthesizing module 'inst_mem' [d:/Desktop/RISC-V-pipeline/RISC-V-pipeline.gen/sources_1/ip/inst_mem/synth/inst_mem.vhd:66]
	Parameter C_FAMILY bound to: artix7 - type: string 
	Parameter C_ADDR_WIDTH bound to: 14 - type: integer 
	Parameter C_DEFAULT_DATA bound to: 0 - type: string 
	Parameter C_DEPTH bound to: 16384 - type: integer 
	Parameter C_HAS_CLK bound to: 0 - type: integer 
	Parameter C_HAS_D bound to: 0 - type: integer 
	Parameter C_HAS_DPO bound to: 0 - type: integer 
	Parameter C_HAS_DPRA bound to: 0 - type: integer 
	Parameter C_HAS_I_CE bound to: 0 - type: integer 
	Parameter C_HAS_QDPO bound to: 0 - type: integer 
	Parameter C_HAS_QDPO_CE bound to: 0 - type: integer 
	Parameter C_HAS_QDPO_CLK bound to: 0 - type: integer 
	Parameter C_HAS_QDPO_RST bound to: 0 - type: integer 
	Parameter C_HAS_QDPO_SRST bound to: 0 - type: integer 
	Parameter C_HAS_QSPO bound to: 0 - type: integer 
	Parameter C_HAS_QSPO_CE bound to: 0 - type: integer 
	Parameter C_HAS_QSPO_RST bound to: 0 - type: integer 
	Parameter C_HAS_QSPO_SRST bound to: 0 - type: integer 
	Parameter C_HAS_SPO bound to: 1 - type: integer 
	Parameter C_HAS_WE bound to: 0 - type: integer 
	Parameter C_MEM_INIT_FILE bound to: inst_mem.mif - type: string 
	Parameter C_ELABORATION_DIR bound to: ./ - type: string 
	Parameter C_MEM_TYPE bound to: 0 - type: integer 
	Parameter C_PIPELINE_STAGES bound to: 0 - type: integer 
	Parameter C_QCE_JOINED bound to: 0 - type: integer 
	Parameter C_QUALIFY_WE bound to: 0 - type: integer 
	Parameter C_READ_MIF bound to: 1 - type: integer 
	Parameter C_REG_A_D_INPUTS bound to: 0 - type: integer 
	Parameter C_REG_DPRA_INPUT bound to: 0 - type: integer 
	Parameter C_SYNC_ENABLE bound to: 1 - type: integer 
	Parameter C_WIDTH bound to: 32 - type: integer 
	Parameter C_PARSER_TYPE bound to: 1 - type: integer 
INFO: [Synth 8-3491] module 'dist_mem_gen_v8_0_13' declared at 'd:/Desktop/RISC-V-pipeline/RISC-V-pipeline.gen/sources_1/ip/inst_mem/hdl/dist_mem_gen_v8_0_vhsyn_rfs.vhd:3237' bound to instance 'U0' of component 'dist_mem_gen_v8_0_13' [d:/Desktop/RISC-V-pipeline/RISC-V-pipeline.gen/sources_1/ip/inst_mem/synth/inst_mem.vhd:132]
INFO: [Synth 8-256] done synthesizing module 'inst_mem' (0#1) [d:/Desktop/RISC-V-pipeline/RISC-V-pipeline.gen/sources_1/ip/inst_mem/synth/inst_mem.vhd:66]
WARNING: [Synth 8-7129] Port qspo[31] in module rom is either unconnected or has no load
WARNING: [Synth 8-7129] Port qspo[30] in module rom is either unconnected or has no load
WARNING: [Synth 8-7129] Port qspo[29] in module rom is either unconnected or has no load
WARNING: [Synth 8-7129] Port qspo[28] in module rom is either unconnected or has no load
WARNING: [Synth 8-7129] Port qspo[27] in module rom is either unconnected or has no load
WARNING: [Synth 8-7129] Port qspo[26] in module rom is either unconnected or has no load
WARNING: [Synth 8-7129] Port qspo[25] in module rom is either unconnected or has no load
WARNING: [Synth 8-7129] Port qspo[24] in module rom is either unconnected or has no load
WARNING: [Synth 8-7129] Port qspo[23] in module rom is either unconnected or has no load
WARNING: [Synth 8-7129] Port qspo[22] in module rom is either unconnected or has no load
WARNING: [Synth 8-7129] Port qspo[21] in module rom is either unconnected or has no load
WARNING: [Synth 8-7129] Port qspo[20] in module rom is either unconnected or has no load
WARNING: [Synth 8-7129] Port qspo[19] in module rom is either unconnected or has no load
WARNING: [Synth 8-7129] Port qspo[18] in module rom is either unconnected or has no load
WARNING: [Synth 8-7129] Port qspo[17] in module rom is either unconnected or has no load
WARNING: [Synth 8-7129] Port qspo[16] in module rom is either unconnected or has no load
WARNING: [Synth 8-7129] Port qspo[15] in module rom is either unconnected or has no load
WARNING: [Synth 8-7129] Port qspo[14] in module rom is either unconnected or has no load
WARNING: [Synth 8-7129] Port qspo[13] in module rom is either unconnected or has no load
WARNING: [Synth 8-7129] Port qspo[12] in module rom is either unconnected or has no load
WARNING: [Synth 8-7129] Port qspo[11] in module rom is either unconnected or has no load
WARNING: [Synth 8-7129] Port qspo[10] in module rom is either unconnected or has no load
WARNING: [Synth 8-7129] Port qspo[9] in module rom is either unconnected or has no load
WARNING: [Synth 8-7129] Port qspo[8] in module rom is either unconnected or has no load
WARNING: [Synth 8-7129] Port qspo[7] in module rom is either unconnected or has no load
WARNING: [Synth 8-7129] Port qspo[6] in module rom is either unconnected or has no load
WARNING: [Synth 8-7129] Port qspo[5] in module rom is either unconnected or has no load
WARNING: [Synth 8-7129] Port qspo[4] in module rom is either unconnected or has no load
WARNING: [Synth 8-7129] Port qspo[3] in module rom is either unconnected or has no load
WARNING: [Synth 8-7129] Port qspo[2] in module rom is either unconnected or has no load
WARNING: [Synth 8-7129] Port qspo[1] in module rom is either unconnected or has no load
WARNING: [Synth 8-7129] Port qspo[0] in module rom is either unconnected or has no load
WARNING: [Synth 8-7129] Port clk in module rom is either unconnected or has no load
WARNING: [Synth 8-7129] Port qspo_ce in module rom is either unconnected or has no load
WARNING: [Synth 8-7129] Port qspo_rst in module rom is either unconnected or has no load
WARNING: [Synth 8-7129] Port qspo_srst in module rom is either unconnected or has no load
WARNING: [Synth 8-7129] Port dpo[31] in module dist_mem_gen_v8_0_13_synth is either unconnected or has no load
WARNING: [Synth 8-7129] Port dpo[30] in module dist_mem_gen_v8_0_13_synth is either unconnected or has no load
WARNING: [Synth 8-7129] Port dpo[29] in module dist_mem_gen_v8_0_13_synth is either unconnected or has no load
WARNING: [Synth 8-7129] Port dpo[28] in module dist_mem_gen_v8_0_13_synth is either unconnected or has no load
WARNING: [Synth 8-7129] Port dpo[27] in module dist_mem_gen_v8_0_13_synth is either unconnected or has no load
WARNING: [Synth 8-7129] Port dpo[26] in module dist_mem_gen_v8_0_13_synth is either unconnected or has no load
WARNING: [Synth 8-7129] Port dpo[25] in module dist_mem_gen_v8_0_13_synth is either unconnected or has no load
WARNING: [Synth 8-7129] Port dpo[24] in module dist_mem_gen_v8_0_13_synth is either unconnected or has no load
WARNING: [Synth 8-7129] Port dpo[23] in module dist_mem_gen_v8_0_13_synth is either unconnected or has no load
WARNING: [Synth 8-7129] Port dpo[22] in module dist_mem_gen_v8_0_13_synth is either unconnected or has no load
WARNING: [Synth 8-7129] Port dpo[21] in module dist_mem_gen_v8_0_13_synth is either unconnected or has no load
WARNING: [Synth 8-7129] Port dpo[20] in module dist_mem_gen_v8_0_13_synth is either unconnected or has no load
WARNING: [Synth 8-7129] Port dpo[19] in module dist_mem_gen_v8_0_13_synth is either unconnected or has no load
WARNING: [Synth 8-7129] Port dpo[18] in module dist_mem_gen_v8_0_13_synth is either unconnected or has no load
WARNING: [Synth 8-7129] Port dpo[17] in module dist_mem_gen_v8_0_13_synth is either unconnected or has no load
WARNING: [Synth 8-7129] Port dpo[16] in module dist_mem_gen_v8_0_13_synth is either unconnected or has no load
WARNING: [Synth 8-7129] Port dpo[15] in module dist_mem_gen_v8_0_13_synth is either unconnected or has no load
WARNING: [Synth 8-7129] Port dpo[14] in module dist_mem_gen_v8_0_13_synth is either unconnected or has no load
WARNING: [Synth 8-7129] Port dpo[13] in module dist_mem_gen_v8_0_13_synth is either unconnected or has no load
WARNING: [Synth 8-7129] Port dpo[12] in module dist_mem_gen_v8_0_13_synth is either unconnected or has no load
WARNING: [Synth 8-7129] Port dpo[11] in module dist_mem_gen_v8_0_13_synth is either unconnected or has no load
WARNING: [Synth 8-7129] Port dpo[10] in module dist_mem_gen_v8_0_13_synth is either unconnected or has no load
WARNING: [Synth 8-7129] Port dpo[9] in module dist_mem_gen_v8_0_13_synth is either unconnected or has no load
WARNING: [Synth 8-7129] Port dpo[8] in module dist_mem_gen_v8_0_13_synth is either unconnected or has no load
WARNING: [Synth 8-7129] Port dpo[7] in module dist_mem_gen_v8_0_13_synth is either unconnected or has no load
WARNING: [Synth 8-7129] Port dpo[6] in module dist_mem_gen_v8_0_13_synth is either unconnected or has no load
WARNING: [Synth 8-7129] Port dpo[5] in module dist_mem_gen_v8_0_13_synth is either unconnected or has no load
WARNING: [Synth 8-7129] Port dpo[4] in module dist_mem_gen_v8_0_13_synth is either unconnected or has no load
WARNING: [Synth 8-7129] Port dpo[3] in module dist_mem_gen_v8_0_13_synth is either unconnected or has no load
WARNING: [Synth 8-7129] Port dpo[2] in module dist_mem_gen_v8_0_13_synth is either unconnected or has no load
WARNING: [Synth 8-7129] Port dpo[1] in module dist_mem_gen_v8_0_13_synth is either unconnected or has no load
WARNING: [Synth 8-7129] Port dpo[0] in module dist_mem_gen_v8_0_13_synth is either unconnected or has no load
WARNING: [Synth 8-7129] Port qdpo[31] in module dist_mem_gen_v8_0_13_synth is either unconnected or has no load
WARNING: [Synth 8-7129] Port qdpo[30] in module dist_mem_gen_v8_0_13_synth is either unconnected or has no load
WARNING: [Synth 8-7129] Port qdpo[29] in module dist_mem_gen_v8_0_13_synth is either unconnected or has no load
WARNING: [Synth 8-7129] Port qdpo[28] in module dist_mem_gen_v8_0_13_synth is either unconnected or has no load
WARNING: [Synth 8-7129] Port qdpo[27] in module dist_mem_gen_v8_0_13_synth is either unconnected or has no load
WARNING: [Synth 8-7129] Port qdpo[26] in module dist_mem_gen_v8_0_13_synth is either unconnected or has no load
WARNING: [Synth 8-7129] Port qdpo[25] in module dist_mem_gen_v8_0_13_synth is either unconnected or has no load
WARNING: [Synth 8-7129] Port qdpo[24] in module dist_mem_gen_v8_0_13_synth is either unconnected or has no load
WARNING: [Synth 8-7129] Port qdpo[23] in module dist_mem_gen_v8_0_13_synth is either unconnected or has no load
WARNING: [Synth 8-7129] Port qdpo[22] in module dist_mem_gen_v8_0_13_synth is either unconnected or has no load
WARNING: [Synth 8-7129] Port qdpo[21] in module dist_mem_gen_v8_0_13_synth is either unconnected or has no load
WARNING: [Synth 8-7129] Port qdpo[20] in module dist_mem_gen_v8_0_13_synth is either unconnected or has no load
WARNING: [Synth 8-7129] Port qdpo[19] in module dist_mem_gen_v8_0_13_synth is either unconnected or has no load
WARNING: [Synth 8-7129] Port qdpo[18] in module dist_mem_gen_v8_0_13_synth is either unconnected or has no load
WARNING: [Synth 8-7129] Port qdpo[17] in module dist_mem_gen_v8_0_13_synth is either unconnected or has no load
WARNING: [Synth 8-7129] Port qdpo[16] in module dist_mem_gen_v8_0_13_synth is either unconnected or has no load
WARNING: [Synth 8-7129] Port qdpo[15] in module dist_mem_gen_v8_0_13_synth is either unconnected or has no load
WARNING: [Synth 8-7129] Port qdpo[14] in module dist_mem_gen_v8_0_13_synth is either unconnected or has no load
WARNING: [Synth 8-7129] Port qdpo[13] in module dist_mem_gen_v8_0_13_synth is either unconnected or has no load
WARNING: [Synth 8-7129] Port qdpo[12] in module dist_mem_gen_v8_0_13_synth is either unconnected or has no load
WARNING: [Synth 8-7129] Port qdpo[11] in module dist_mem_gen_v8_0_13_synth is either unconnected or has no load
WARNING: [Synth 8-7129] Port qdpo[10] in module dist_mem_gen_v8_0_13_synth is either unconnected or has no load
WARNING: [Synth 8-7129] Port qdpo[9] in module dist_mem_gen_v8_0_13_synth is either unconnected or has no load
WARNING: [Synth 8-7129] Port qdpo[8] in module dist_mem_gen_v8_0_13_synth is either unconnected or has no load
WARNING: [Synth 8-7129] Port qdpo[7] in module dist_mem_gen_v8_0_13_synth is either unconnected or has no load
WARNING: [Synth 8-7129] Port qdpo[6] in module dist_mem_gen_v8_0_13_synth is either unconnected or has no load
WARNING: [Synth 8-7129] Port qdpo[5] in module dist_mem_gen_v8_0_13_synth is either unconnected or has no load
WARNING: [Synth 8-7129] Port qdpo[4] in module dist_mem_gen_v8_0_13_synth is either unconnected or has no load
WARNING: [Synth 8-7129] Port qdpo[3] in module dist_mem_gen_v8_0_13_synth is either unconnected or has no load
WARNING: [Synth 8-7129] Port qdpo[2] in module dist_mem_gen_v8_0_13_synth is either unconnected or has no load
WARNING: [Synth 8-7129] Port qdpo[1] in module dist_mem_gen_v8_0_13_synth is either unconnected or has no load
WARNING: [Synth 8-7129] Port qdpo[0] in module dist_mem_gen_v8_0_13_synth is either unconnected or has no load
INFO: [Common 17-14] Message 'Synth 8-7129' appears 100 times and further instances of the messages will be disabled. Use the Tcl command set_msg_config to change the current settings.
---------------------------------------------------------------------------------
Finished RTL Elaboration : Time (s): cpu = 00:00:14 ; elapsed = 00:00:14 . Memory (MB): peak = 1436.238 ; gain = 614.352
---------------------------------------------------------------------------------
---------------------------------------------------------------------------------
Start Handling Custom Attributes
---------------------------------------------------------------------------------
---------------------------------------------------------------------------------
Finished Handling Custom Attributes : Time (s): cpu = 00:00:14 ; elapsed = 00:00:14 . Memory (MB): peak = 1436.238 ; gain = 614.352
---------------------------------------------------------------------------------
---------------------------------------------------------------------------------
Finished RTL Optimization Phase 1 : Time (s): cpu = 00:00:14 ; elapsed = 00:00:14 . Memory (MB): peak = 1436.238 ; gain = 614.352
---------------------------------------------------------------------------------
Netlist sorting complete. Time (s): cpu = 00:00:00 ; elapsed = 00:00:00.004 . Memory (MB): peak = 1436.238 ; gain = 0.000
INFO: [Project 1-570] Preparing netlist for logic optimization

Processing XDC Constraints
Initializing timing engine
Parsing XDC File [d:/Desktop/RISC-V-pipeline/RISC-V-pipeline.gen/sources_1/ip/inst_mem/inst_mem_ooc.xdc] for cell 'U0'
Finished Parsing XDC File [d:/Desktop/RISC-V-pipeline/RISC-V-pipeline.gen/sources_1/ip/inst_mem/inst_mem_ooc.xdc] for cell 'U0'
Parsing XDC File [D:/Desktop/RISC-V-pipeline/RISC-V-pipeline.runs/inst_mem_synth_1/dont_touch.xdc]
Finished Parsing XDC File [D:/Desktop/RISC-V-pipeline/RISC-V-pipeline.runs/inst_mem_synth_1/dont_touch.xdc]
Completed Processing XDC Constraints

Netlist sorting complete. Time (s): cpu = 00:00:00 ; elapsed = 00:00:00 . Memory (MB): peak = 1436.238 ; gain = 0.000
INFO: [Project 1-111] Unisim Transformation Summary:
No Unisim elements were transformed.

Constraint Validation Runtime : Time (s): cpu = 00:00:00 ; elapsed = 00:00:00.016 . Memory (MB): peak = 1436.238 ; gain = 0.000
INFO: [Designutils 20-5008] Incremental synthesis strategy off
INFO: [Synth 8-11241] undeclared symbol 'REGCCE', assumed default net type 'wire' [D:/Software/Vivado2022/Vivado/2022.2/data/verilog/src/unimacro/BRAM_SINGLE_MACRO.v:2170]
---------------------------------------------------------------------------------
Finished Constraint Validation : Time (s): cpu = 00:00:24 ; elapsed = 00:00:24 . Memory (MB): peak = 1436.238 ; gain = 614.352
---------------------------------------------------------------------------------
---------------------------------------------------------------------------------
Start Loading Part and Timing Information
---------------------------------------------------------------------------------
Loading part: xc7a100tcsg324-1
---------------------------------------------------------------------------------
Finished Loading Part and Timing Information : Time (s): cpu = 00:00:24 ; elapsed = 00:00:24 . Memory (MB): peak = 1436.238 ; gain = 614.352
---------------------------------------------------------------------------------
---------------------------------------------------------------------------------
Start Applying 'set_property' XDC Constraints
---------------------------------------------------------------------------------
Applied set_property KEEP_HIERARCHY = SOFT for U0. (constraint file  D:/Desktop/RISC-V-pipeline/RISC-V-pipeline.runs/inst_mem_synth_1/dont_touch.xdc, line 9).
---------------------------------------------------------------------------------
Finished applying 'set_property' XDC Constraints : Time (s): cpu = 00:00:24 ; elapsed = 00:00:24 . Memory (MB): peak = 1436.238 ; gain = 614.352
---------------------------------------------------------------------------------
---------------------------------------------------------------------------------
Finished RTL Optimization Phase 2 : Time (s): cpu = 00:00:26 ; elapsed = 00:00:27 . Memory (MB): peak = 1436.238 ; gain = 614.352
---------------------------------------------------------------------------------
---------------------------------------------------------------------------------
Start RTL Component Statistics 
---------------------------------------------------------------------------------
Detailed RTL Component Info : 
---------------------------------------------------------------------------------
Finished RTL Component Statistics 
---------------------------------------------------------------------------------
---------------------------------------------------------------------------------
Start Part Resource Summary
---------------------------------------------------------------------------------
Part Resources:
DSPs: 240 (col length:80)
BRAMs: 270 (col length: RAMB18 80 RAMB36 40)
---------------------------------------------------------------------------------
Finished Part Resource Summary
---------------------------------------------------------------------------------
---------------------------------------------------------------------------------
Start Cross Boundary and Area Optimization
---------------------------------------------------------------------------------
WARNING: [Synth 8-7080] Parallel synthesis criteria is not met
---------------------------------------------------------------------------------
Finished Cross Boundary and Area Optimization : Time (s): cpu = 00:00:31 ; elapsed = 00:00:32 . Memory (MB): peak = 1436.238 ; gain = 614.352
---------------------------------------------------------------------------------
---------------------------------------------------------------------------------
Start ROM, RAM, DSP, Shift Register and Retiming Reporting
---------------------------------------------------------------------------------

ROM: Preliminary Mapping Report
+------------+------------+---------------+----------------+
|Module Name | RTL Object | Depth x Width | Implemented As | 
+------------+------------+---------------+----------------+
|rom         | rom[16383] | 16384x21      | LUT            | 
|rom         | rom[16383] | 16384x21      | LUT            | 
+------------+------------+---------------+----------------+

---------------------------------------------------------------------------------
Finished ROM, RAM, DSP, Shift Register and Retiming Reporting
---------------------------------------------------------------------------------
---------------------------------------------------------------------------------
Start Applying XDC Timing Constraints
---------------------------------------------------------------------------------
---------------------------------------------------------------------------------
Finished Applying XDC Timing Constraints : Time (s): cpu = 00:00:37 ; elapsed = 00:00:38 . Memory (MB): peak = 1436.238 ; gain = 614.352
---------------------------------------------------------------------------------
---------------------------------------------------------------------------------
Start Timing Optimization
---------------------------------------------------------------------------------
---------------------------------------------------------------------------------
Finished Timing Optimization : Time (s): cpu = 00:00:37 ; elapsed = 00:00:38 . Memory (MB): peak = 1436.238 ; gain = 614.352
---------------------------------------------------------------------------------
---------------------------------------------------------------------------------
Start Technology Mapping
---------------------------------------------------------------------------------
---------------------------------------------------------------------------------
Finished Technology Mapping : Time (s): cpu = 00:00:37 ; elapsed = 00:00:38 . Memory (MB): peak = 1436.238 ; gain = 614.352
---------------------------------------------------------------------------------
---------------------------------------------------------------------------------
Start IO Insertion
---------------------------------------------------------------------------------
---------------------------------------------------------------------------------
Start Flattening Before IO Insertion
---------------------------------------------------------------------------------
---------------------------------------------------------------------------------
Finished Flattening Before IO Insertion
---------------------------------------------------------------------------------
---------------------------------------------------------------------------------
Start Final Netlist Cleanup
---------------------------------------------------------------------------------
---------------------------------------------------------------------------------
Finished Final Netlist Cleanup
---------------------------------------------------------------------------------
---------------------------------------------------------------------------------
Finished IO Insertion : Time (s): cpu = 00:00:43 ; elapsed = 00:00:43 . Memory (MB): peak = 1436.238 ; gain = 614.352
---------------------------------------------------------------------------------
---------------------------------------------------------------------------------
Start Renaming Generated Instances
---------------------------------------------------------------------------------
---------------------------------------------------------------------------------
Finished Renaming Generated Instances : Time (s): cpu = 00:00:43 ; elapsed = 00:00:43 . Memory (MB): peak = 1436.238 ; gain = 614.352
---------------------------------------------------------------------------------
---------------------------------------------------------------------------------
Start Rebuilding User Hierarchy
---------------------------------------------------------------------------------
---------------------------------------------------------------------------------
Finished Rebuilding User Hierarchy : Time (s): cpu = 00:00:43 ; elapsed = 00:00:43 . Memory (MB): peak = 1436.238 ; gain = 614.352
---------------------------------------------------------------------------------
---------------------------------------------------------------------------------
Start Renaming Generated Ports
---------------------------------------------------------------------------------
---------------------------------------------------------------------------------
Finished Renaming Generated Ports : Time (s): cpu = 00:00:43 ; elapsed = 00:00:43 . Memory (MB): peak = 1436.238 ; gain = 614.352
---------------------------------------------------------------------------------
---------------------------------------------------------------------------------
Start Handling Custom Attributes
---------------------------------------------------------------------------------
---------------------------------------------------------------------------------
Finished Handling Custom Attributes : Time (s): cpu = 00:00:43 ; elapsed = 00:00:43 . Memory (MB): peak = 1436.238 ; gain = 614.352
---------------------------------------------------------------------------------
---------------------------------------------------------------------------------
Start Renaming Generated Nets
---------------------------------------------------------------------------------
---------------------------------------------------------------------------------
Finished Renaming Generated Nets : Time (s): cpu = 00:00:43 ; elapsed = 00:00:43 . Memory (MB): peak = 1436.238 ; gain = 614.352
---------------------------------------------------------------------------------
---------------------------------------------------------------------------------
Start Writing Synthesis Report
---------------------------------------------------------------------------------

Report BlackBoxes: 
+-+--------------+----------+
| |BlackBox name |Instances |
+-+--------------+----------+
+-+--------------+----------+

Report Cell Usage: 
+------+-----+------+
|      |Cell |Count |
+------+-----+------+
|1     |LUT4 |     1|
|2     |LUT5 |     1|
|3     |LUT6 |    20|
+------+-----+------+
---------------------------------------------------------------------------------
Finished Writing Synthesis Report : Time (s): cpu = 00:00:43 ; elapsed = 00:00:43 . Memory (MB): peak = 1436.238 ; gain = 614.352
---------------------------------------------------------------------------------
Synthesis finished with 0 errors, 0 critical warnings and 157 warnings.
Synthesis Optimization Runtime : Time (s): cpu = 00:00:26 ; elapsed = 00:00:41 . Memory (MB): peak = 1436.238 ; gain = 614.352
Synthesis Optimization Complete : Time (s): cpu = 00:00:43 ; elapsed = 00:00:44 . Memory (MB): peak = 1436.238 ; gain = 614.352
INFO: [Project 1-571] Translating synthesized netlist
Netlist sorting complete. Time (s): cpu = 00:00:00 ; elapsed = 00:00:00.002 . Memory (MB): peak = 1436.238 ; gain = 0.000
INFO: [Project 1-570] Preparing netlist for logic optimization
INFO: [Opt 31-138] Pushed 0 inverter(s) to 0 load pin(s).
Netlist sorting complete. Time (s): cpu = 00:00:00 ; elapsed = 00:00:00 . Memory (MB): peak = 1437.398 ; gain = 0.000
INFO: [Project 1-111] Unisim Transformation Summary:
No Unisim elements were transformed.

Synth Design complete, checksum: ba2651a0
INFO: [Common 17-83] Releasing license: Synthesis
20 Infos, 101 Warnings, 0 Critical Warnings and 0 Errors encountered.
synth_design completed successfully
synth_design: Time (s): cpu = 00:00:48 ; elapsed = 00:00:49 . Memory (MB): peak = 1437.398 ; gain = 1011.043
INFO: [Common 17-1381] The checkpoint 'D:/Desktop/RISC-V-pipeline/RISC-V-pipeline.runs/inst_mem_synth_1/inst_mem.dcp' has been generated.
INFO: [Coretcl 2-1648] Added synthesis output to IP cache for IP inst_mem, cache-ID = da69186f72921cd3
INFO: [Coretcl 2-1174] Renamed 3 cell refs.
INFO: [Common 17-1381] The checkpoint 'D:/Desktop/RISC-V-pipeline/RISC-V-pipeline.runs/inst_mem_synth_1/inst_mem.dcp' has been generated.
INFO: [runtcl-4] Executing : report_utilization -file inst_mem_utilization_synth.rpt -pb inst_mem_utilization_synth.pb
INFO: [Common 17-206] Exiting Vivado at Fri Feb 24 20:59:02 2023...
