#-----------------------------------------------------------
# Vivado v2022.2 (64-bit)
# SW Build 3671981 on Fri Oct 14 05:00:03 MDT 2022
# IP Build 3669848 on Fri Oct 14 08:30:02 MDT 2022
# Start of session at: Thu Mar  2 19:06:39 2023
# Process ID: 19660
# Current directory: D:/Desktop/RISC-V-pipeline
# Command line: vivado.exe -gui_launcher_event rodinguilauncherevent14732 D:\Desktop\RISC-V-pipeline\RISC-V-pipeline.xpr
# Log file: D:/Desktop/RISC-V-pipeline/vivado.log
# Journal file: D:/Desktop/RISC-V-pipeline\vivado.jou
# Running On: DESKTOP-FELKDMR, OS: Windows, CPU Frequency: 2904 MHz, CPU Physical cores: 6, Host memory: 16914 MB
#-----------------------------------------------------------
start_gui
open_project D:/Desktop/RISC-V-pipeline/RISC-V-pipeline.xpr
WARNING: [Board 49-26] cannot add Board Part xilinx.com:kc705:part0:1.6 available at D:/Software/Vivado2022/Vivado/2022.2/data/xhub/boards/XilinxBoardStore/boards/Xilinx/kc705/1.6/board.xml as part xc7k325tffg900-2 specified in board_part file is either invalid or not available
WARNING: [Board 49-26] cannot add Board Part xilinx.com:kcu105:part0:1.6 available at D:/Software/Vivado2022/Vivado/2022.2/data/xhub/boards/XilinxBoardStore/boards/Xilinx/kcu105/1.6/board.xml as part xcku040-ffva1156-2-e specified in board_part file is either invalid or not available
WARNING: [Board 49-26] cannot add Board Part xilinx.com:kcu105:part0:1.7 available at D:/Software/Vivado2022/Vivado/2022.2/data/xhub/boards/XilinxBoardStore/boards/Xilinx/kcu105/1.7/board.xml as part xcku040-ffva1156-2-e specified in board_part file is either invalid or not available
WARNING: [Board 49-26] cannot add Board Part xilinx.com:kcu1500:part0:1.2 available at D:/Software/Vivado2022/Vivado/2022.2/data/xhub/boards/XilinxBoardStore/boards/Xilinx/kcu1500/1.2/board.xml as part xcku115-flvb2104-2-e specified in board_part file is either invalid or not available
WARNING: [Board 49-26] cannot add Board Part xilinx.com:vc707:part0:1.4 available at D:/Software/Vivado2022/Vivado/2022.2/data/xhub/boards/XilinxBoardStore/boards/Xilinx/vc707/1.4/board.xml as part xc7vx485tffg1761-2 specified in board_part file is either invalid or not available
WARNING: [Board 49-26] cannot add Board Part xilinx.com:vc709:part0:1.8 available at D:/Software/Vivado2022/Vivado/2022.2/data/xhub/boards/XilinxBoardStore/boards/Xilinx/vc709/1.8/board.xml as part xc7vx690tffg1761-2 specified in board_part file is either invalid or not available
WARNING: [Board 49-26] cannot add Board Part xilinx.com:vck190:part0:2.2 available at D:/Software/Vivado2022/Vivado/2022.2/data/xhub/boards/XilinxBoardStore/boards/Xilinx/vck190/production/2.2/board.xml as part xcvc1902-vsva2197-2mp-e-s specified in board_part file is either invalid or not available
WARNING: [Board 49-26] cannot add Board Part xilinx.com:vck190:part0:3.0 available at D:/Software/Vivado2022/Vivado/2022.2/data/xhub/boards/XilinxBoardStore/boards/Xilinx/vck190/production/3.0/board.xml as part xcvc1902-vsva2197-2mp-e-s specified in board_part file is either invalid or not available
WARNING: [Board 49-26] cannot add Board Part xilinx.com:vck190:part0:3.1 available at D:/Software/Vivado2022/Vivado/2022.2/data/xhub/boards/XilinxBoardStore/boards/Xilinx/vck190/production/3.1/board.xml as part xcvc1902-vsva2197-2mp-e-s specified in board_part file is either invalid or not available
WARNING: [Board 49-26] cannot add Board Part xilinx.com:vck190_newl:part0:1.0 available at D:/Software/Vivado2022/Vivado/2022.2/data/xhub/boards/XilinxBoardStore/boards/Xilinx/vck190_newl/production/1.0/board.xml as part xcvc1902-vsva2197-2mp-e-s specified in board_part file is either invalid or not available
WARNING: [Board 49-26] cannot add Board Part xilinx.com:vcu108:part0:1.6 available at D:/Software/Vivado2022/Vivado/2022.2/data/xhub/boards/XilinxBoardStore/boards/Xilinx/vcu108/1.6/board.xml as part xcvu095-ffva2104-2-e specified in board_part file is either invalid or not available
WARNING: [Board 49-26] cannot add Board Part xilinx.com:vcu108:part0:1.7 available at D:/Software/Vivado2022/Vivado/2022.2/data/xhub/boards/XilinxBoardStore/boards/Xilinx/vcu108/1.7/board.xml as part xcvu095-ffva2104-2-e specified in board_part file is either invalid or not available
WARNING: [Board 49-26] cannot add Board Part xilinx.com:vcu110:part0:1.4 available at D:/Software/Vivado2022/Vivado/2022.2/data/xhub/boards/XilinxBoardStore/boards/Xilinx/vcu110/1.4/board.xml as part xcvu190-flgc2104-2-e specified in board_part file is either invalid or not available
WARNING: [Board 49-26] cannot add Board Part xilinx.com:vcu118:part0:2.0 available at D:/Software/Vivado2022/Vivado/2022.2/data/xhub/boards/XilinxBoardStore/boards/Xilinx/vcu118/2.0/board.xml as part xcvu9p-flga2104-2l-e specified in board_part file is either invalid or not available
WARNING: [Board 49-26] cannot add Board Part xilinx.com:vcu118:part0:2.3 available at D:/Software/Vivado2022/Vivado/2022.2/data/xhub/boards/XilinxBoardStore/boards/Xilinx/vcu118/2.3/board.xml as part xcvu9p-flga2104-2l-e specified in board_part file is either invalid or not available
WARNING: [Board 49-26] cannot add Board Part xilinx.com:vcu118:part0:2.4 available at D:/Software/Vivado2022/Vivado/2022.2/data/xhub/boards/XilinxBoardStore/boards/Xilinx/vcu118/2.4/board.xml as part xcvu9p-flga2104-2l-e specified in board_part file is either invalid or not available
WARNING: [Board 49-26] cannot add Board Part xilinx.com:vcu128:part0:1.0 available at D:/Software/Vivado2022/Vivado/2022.2/data/xhub/boards/XilinxBoardStore/boards/Xilinx/vcu128/production/1.0/board.xml as part xcvu37p-fsvh2892-2l-e specified in board_part file is either invalid or not available
WARNING: [Board 49-26] cannot add Board Part xilinx.com:vcu129:part0:1.0 available at D:/Software/Vivado2022/Vivado/2022.2/data/xhub/boards/XilinxBoardStore/boards/Xilinx/vcu129/production/1.0/board.xml as part xcvu29p-fsga2577-2l-e specified in board_part file is either invalid or not available
WARNING: [Board 49-26] cannot add Board Part xilinx.com:vcu1525:part0:1.3 available at D:/Software/Vivado2022/Vivado/2022.2/data/xhub/boards/XilinxBoardStore/boards/Xilinx/vcu1525/1.3/board.xml as part xcvu9p-fsgd2104-2l-e specified in board_part file is either invalid or not available
WARNING: [Board 49-26] cannot add Board Part xilinx.com:vek280_es:part0:1.0 available at D:/Software/Vivado2022/Vivado/2022.2/data/xhub/boards/XilinxBoardStore/boards/Xilinx/vek280/es/1.0/board.xml as part xcve2802-vsvh1760-2lp-e-s-es1 specified in board_part file is either invalid or not available
WARNING: [Board 49-26] cannot add Board Part xilinx.com:vermeo_t1_mpsoc:part0:1.0 available at D:/Software/Vivado2022/Vivado/2022.2/data/xhub/boards/XilinxBoardStore/boards/Xilinx/vermeo_t1_mpsoc/1.0/board.xml as part xczu19eg-ffvd1760-2l-e specified in board_part file is either invalid or not available
WARNING: [Board 49-26] cannot add Board Part xilinx.com:vermeo_t1_rfsoc:part0:1.0 available at D:/Software/Vivado2022/Vivado/2022.2/data/xhub/boards/XilinxBoardStore/boards/Xilinx/vermeo_t1_rfsoc/1.0/board.xml as part xczu21dr-ffvd1156-2l-e specified in board_part file is either invalid or not available
WARNING: [Board 49-26] cannot add Board Part xilinx.com:vhk158_es:part0:1.0 available at D:/Software/Vivado2022/Vivado/2022.2/data/xhub/boards/XilinxBoardStore/boards/Xilinx/vhk158/es/1.0/board.xml as part xcvh1582-vsva3697-2mp-e-s-es1 specified in board_part file is either invalid or not available
WARNING: [Board 49-26] cannot add Board Part xilinx.com:vmk180:part0:2.2 available at D:/Software/Vivado2022/Vivado/2022.2/data/xhub/boards/XilinxBoardStore/boards/Xilinx/vmk180/production/2.2/board.xml as part xcvm1802-vsva2197-2mp-e-s specified in board_part file is either invalid or not available
WARNING: [Board 49-26] cannot add Board Part xilinx.com:vmk180:part0:3.0 available at D:/Software/Vivado2022/Vivado/2022.2/data/xhub/boards/XilinxBoardStore/boards/Xilinx/vmk180/production/3.0/board.xml as part xcvm1802-vsva2197-2mp-e-s specified in board_part file is either invalid or not available
WARNING: [Board 49-26] cannot add Board Part xilinx.com:vmk180:part0:3.1 available at D:/Software/Vivado2022/Vivado/2022.2/data/xhub/boards/XilinxBoardStore/boards/Xilinx/vmk180/production/3.1/board.xml as part xcvm1802-vsva2197-2mp-e-s specified in board_part file is either invalid or not available
WARNING: [Board 49-26] cannot add Board Part xilinx.com:vmk180_newl:part0:1.0 available at D:/Software/Vivado2022/Vivado/2022.2/data/xhub/boards/XilinxBoardStore/boards/Xilinx/vmk180_newl/production/1.0/board.xml as part xcvm1802-vsva2197-2mp-e-s specified in board_part file is either invalid or not available
WARNING: [Board 49-26] cannot add Board Part xilinx.com:vpk120:part0:1.0 available at D:/Software/Vivado2022/Vivado/2022.2/data/xhub/boards/XilinxBoardStore/boards/Xilinx/vpk120/production/1.0/board.xml as part xcvp1202-vsva2785-2mp-e-s specified in board_part file is either invalid or not available
WARNING: [Board 49-26] cannot add Board Part xilinx.com:vpk120_es:part0:1.2 available at D:/Software/Vivado2022/Vivado/2022.2/data/xhub/boards/XilinxBoardStore/boards/Xilinx/vpk120/es/1.2/board.xml as part xcvp1202-vsva2785-2mp-e-s-es1 specified in board_part file is either invalid or not available
WARNING: [Board 49-26] cannot add Board Part xilinx.com:vpk120_es_revb:part0:1.0 available at D:/Software/Vivado2022/Vivado/2022.2/data/xhub/boards/XilinxBoardStore/boards/Xilinx/vpk120_revb/es/1.0/board.xml as part xcvp1202-vsva2785-2mp-e-s-es1 specified in board_part file is either invalid or not available
WARNING: [Board 49-26] cannot add Board Part xilinx.com:vpk180_es:part0:1.0 available at D:/Software/Vivado2022/Vivado/2022.2/data/xhub/boards/XilinxBoardStore/boards/Xilinx/vpk180/es/1.0/board.xml as part xcvp1802-lsvc4072-2mp-e-s-es1 specified in board_part file is either invalid or not available
WARNING: [Board 49-26] cannot add Board Part xilinx.com:zc706:part0:1.4 available at D:/Software/Vivado2022/Vivado/2022.2/data/xhub/boards/XilinxBoardStore/boards/Xilinx/zc706/1.4/board.xml as part xc7z045ffg900-2 specified in board_part file is either invalid or not available
WARNING: [Board 49-26] cannot add Board Part xilinx.com:zcu102:part0:3.3 available at D:/Software/Vivado2022/Vivado/2022.2/data/xhub/boards/XilinxBoardStore/boards/Xilinx/zcu102/3.3/board.xml as part xczu9eg-ffvb1156-2-e specified in board_part file is either invalid or not available
WARNING: [Board 49-26] cannot add Board Part xilinx.com:zcu102:part0:3.4 available at D:/Software/Vivado2022/Vivado/2022.2/data/xhub/boards/XilinxBoardStore/boards/Xilinx/zcu102/3.4/board.xml as part xczu9eg-ffvb1156-2-e specified in board_part file is either invalid or not available
WARNING: [Board 49-26] cannot add Board Part xilinx.com:zcu111:part0:1.2 available at D:/Software/Vivado2022/Vivado/2022.2/data/xhub/boards/XilinxBoardStore/boards/Xilinx/zcu111/1.2/board.xml as part xczu28dr-ffvg1517-2-e specified in board_part file is either invalid or not available
WARNING: [Board 49-26] cannot add Board Part xilinx.com:zcu111:part0:1.3 available at D:/Software/Vivado2022/Vivado/2022.2/data/xhub/boards/XilinxBoardStore/boards/Xilinx/zcu111/1.3/board.xml as part xczu28dr-ffvg1517-2-e specified in board_part file is either invalid or not available
WARNING: [Board 49-26] cannot add Board Part xilinx.com:zcu111:part0:1.4 available at D:/Software/Vivado2022/Vivado/2022.2/data/xhub/boards/XilinxBoardStore/boards/Xilinx/zcu111/1.4/board.xml as part xczu28dr-ffvg1517-2-e specified in board_part file is either invalid or not available
WARNING: [Board 49-26] cannot add Board Part xilinx.com:zcu1275:part0:1.0 available at D:/Software/Vivado2022/Vivado/2022.2/data/xhub/boards/XilinxBoardStore/boards/Xilinx/zcu1275/1.0/board.xml as part xczu29dr-ffvf1760-2-e specified in board_part file is either invalid or not available
WARNING: [Board 49-26] cannot add Board Part xilinx.com:zcu1285:part0:1.0 available at D:/Software/Vivado2022/Vivado/2022.2/data/xhub/boards/XilinxBoardStore/boards/Xilinx/zcu1285/1.0/board.xml as part xczu39dr-ffvf1760-2-i specified in board_part file is either invalid or not available
WARNING: [Board 49-26] cannot add Board Part xilinx.com:zcu208:part0:2.0 available at D:/Software/Vivado2022/Vivado/2022.2/data/xhub/boards/XilinxBoardStore/boards/Xilinx/zcu208/production/2.0/board.xml as part xczu48dr-fsvg1517-2-e specified in board_part file is either invalid or not available
WARNING: [Board 49-26] cannot add Board Part xilinx.com:zcu208ld:part0:2.0 available at D:/Software/Vivado2022/Vivado/2022.2/data/xhub/boards/XilinxBoardStore/boards/Xilinx/zcu208ld/production/2.0/board.xml as part xczu58dr-fsvg1517-2-i specified in board_part file is either invalid or not available
WARNING: [Board 49-26] cannot add Board Part xilinx.com:zcu216:part0:2.0 available at D:/Software/Vivado2022/Vivado/2022.2/data/xhub/boards/XilinxBoardStore/boards/Xilinx/zcu216/production/2.0/board.xml as part xczu49dr-ffvf1760-2-e specified in board_part file is either invalid or not available
WARNING: [Board 49-26] cannot add Board Part xilinx.com:zcu216ld:part0:2.0 available at D:/Software/Vivado2022/Vivado/2022.2/data/xhub/boards/XilinxBoardStore/boards/Xilinx/zcu216ld/production/2.0/board.xml as part xczu59dr-ffvf1760-2-i specified in board_part file is either invalid or not available
WARNING: [Board 49-26] cannot add Board Part xilinx.com:zcu670:part0:2.0 available at D:/Software/Vivado2022/Vivado/2022.2/data/xhub/boards/XilinxBoardStore/boards/Xilinx/zcu670/2.0/board.xml as part xczu67dr-fsve1156-2-i specified in board_part file is either invalid or not available
WARNING: [Board 49-26] cannot add Board Part xilinx.com:zcu670ld:part0:1.0 available at D:/Software/Vivado2022/Vivado/2022.2/data/xhub/boards/XilinxBoardStore/boards/Xilinx/zcu670ld/1.0/board.xml as part xczu57dr-fsve1156-2-i specified in board_part file is either invalid or not available
Scanning sources...
Finished scanning sources
INFO: [IP_Flow 19-234] Refreshing IP repositories
INFO: [IP_Flow 19-1704] No user IP repositories specified
INFO: [IP_Flow 19-2313] Loaded Vivado IP repository 'D:/Software/Vivado2022/Vivado/2022.2/data/ip'.
open_project: Time (s): cpu = 00:00:19 ; elapsed = 00:00:07 . Memory (MB): peak = 1159.391 ; gain = 341.934
update_compile_order -fileset sources_1
launch_simulation
Command: launch_simulation 
INFO: [Vivado 12-12493] Simulation top is 'top_tb'
WARNING: [Vivado 12-13340] Unable to auto find GCC executables from simulator install path! (path not set)
WARNING: [Vivado 12-13277] Compiled library path does not exist: ''
INFO: [Vivado 12-5698] Checking validity of IPs in the design for the 'XSim' simulator...
INFO: [Vivado 12-5682] Launching behavioral simulation in 'D:/Desktop/RISC-V-pipeline/RISC-V-pipeline.sim/sim_1/behav/xsim'
INFO: [Vivado 12-4795] Using compiled simulation libraries for IPs
INFO: [SIM-utils-51] Simulation object is 'sim_1'
INFO: [SIM-utils-72] Using boost library from 'D:/Software/Vivado2022/Vivado/2022.2/tps/boost_1_72_0'
INFO: [USF-XSim-7] Finding pre-compiled libraries...
INFO: [USF-XSim-11] File 'D:/Software/Vivado2022/Vivado/2022.2/data/xsim/xsim.ini' copied to run dir:'D:/Desktop/RISC-V-pipeline/RISC-V-pipeline.sim/sim_1/behav/xsim'
INFO: [SIM-utils-54] Inspecting design source files for 'top_tb' in fileset 'sim_1'...
INFO: [SIM-utils-43] Exported 'D:/Desktop/RISC-V-pipeline/RISC-V-pipeline.sim/sim_1/behav/xsim/inst_mem.mif'
INFO: [SIM-utils-43] Exported 'D:/Desktop/RISC-V-pipeline/RISC-V-pipeline.sim/sim_1/behav/xsim/load_store.coe'
INFO: [SIM-utils-43] Exported 'D:/Desktop/RISC-V-pipeline/RISC-V-pipeline.sim/sim_1/behav/xsim/UJ_format.coe'
INFO: [USF-XSim-97] Finding global include files...
INFO: [USF-XSim-98] Fetching design files from 'sim_1'...
INFO: [USF-XSim-2] XSim::Compile design
INFO: [USF-XSim-61] Executing 'COMPILE and ANALYZE' step in 'D:/Desktop/RISC-V-pipeline/RISC-V-pipeline.sim/sim_1/behav/xsim'
"xvlog --incr --relax -prj top_tb_vlog.prj"
INFO: [USF-XSim-69] 'compile' step finished in '2' seconds
INFO: [USF-XSim-3] XSim::Elaborate design
INFO: [USF-XSim-61] Executing 'ELABORATE' step in 'D:/Desktop/RISC-V-pipeline/RISC-V-pipeline.sim/sim_1/behav/xsim'
"xelab --incr --debug typical --relax --mt 2 -L xil_defaultlib -L dist_mem_gen_v8_0_13 -L unisims_ver -L unimacro_ver -L secureip -L xpm --snapshot top_tb_behav xil_defaultlib.top_tb xil_defaultlib.glbl -log elaborate.log"
Vivado Simulator v2022.2
Copyright 1986-1999, 2001-2022 Xilinx, Inc. All Rights Reserved.
Running: D:/Software/Vivado2022/Vivado/2022.2/bin/unwrapped/win64.o/xelab.exe --incr --debug typical --relax --mt 2 -L xil_defaultlib -L dist_mem_gen_v8_0_13 -L unisims_ver -L unimacro_ver -L secureip -L xpm --snapshot top_tb_behav xil_defaultlib.top_tb xil_defaultlib.glbl -log elaborate.log 
Using 2 slave threads.
Starting static elaboration
Pass Through NonSizing Optimizer
WARNING: [VRFC 10-5021] port 'reset' is not connected on this instance [D:/Desktop/RISC-V-pipeline/RISC-V-pipeline.srcs/sources_1/imports/risc-v-cpu-pipeline/top.v:26]
WARNING: [VRFC 10-5021] port 'BC' is not connected on this instance [D:/Desktop/RISC-V-pipeline/RISC-V-pipeline.srcs/sources_1/imports/risc-v-cpu-pipeline/top.v:62]
Completed static elaboration
INFO: [XSIM 43-4323] No Change in HDL. Linking previously generated obj files to create kernel
INFO: [USF-XSim-69] 'elaborate' step finished in '1' seconds
INFO: [USF-XSim-4] XSim::Simulate design
INFO: [USF-XSim-61] Executing 'SIMULATE' step in 'D:/Desktop/RISC-V-pipeline/RISC-V-pipeline.sim/sim_1/behav/xsim'
INFO: [USF-XSim-98] *** Running xsim
   with args "top_tb_behav -key {Behavioral:sim_1:Functional:top_tb} -tclbatch {top_tb.tcl} -log {simulate.log}"
INFO: [USF-XSim-8] Loading simulator feature
Time resolution is 1 ps
source top_tb.tcl
# set curr_wave [current_wave_config]
# if { [string length $curr_wave] == 0 } {
#   if { [llength [get_objects]] > 0} {
#     add_wave /
#     set_property needs_save false [current_wave_config]
#   } else {
#      send_msg_id Add_Wave-1 WARNING "No top level signals found. Simulator will start without a wave window. If you want to open a wave window go to 'File->New Waveform Configuration' or type 'create_wave_config' in the TCL console."
#   }
# }
# run 1000ns
WARNING: This core is supplied with a behavioral model. To model cycle-accurate behavior you must run timing simulation.
WARNING: This core is supplied with a behavioral model. To model cycle-accurate behavior you must run timing simulation.
INFO: [USF-XSim-96] XSim completed. Design snapshot 'top_tb_behav' loaded.
INFO: [USF-XSim-97] XSim simulation ran for 1000ns
launch_simulation: Time (s): cpu = 00:00:09 ; elapsed = 00:00:07 . Memory (MB): peak = 1212.688 ; gain = 25.133
current_wave_config {Untitled 1}
Untitled 1
add_wave {{/top_tb/u_top/bus/interface_numled/ledDisplayCtrl/num_in}} 
current_wave_config {Untitled 1}
Untitled 1
add_wave {{/top_tb/u_top/bus/interface_numled/ledDisplayCtrl/num}} 
current_wave_config {Untitled 1}
Untitled 1
add_wave {{/top_tb/u_top/bus/interface_numled/ledDisplayCtrl/cnt}} 
current_wave_config {Untitled 1}
Untitled 1
add_wave {{/top_tb/u_top/bus/interface_numled/ledDisplayCtrl/led}} 
run all
run: Time (s): cpu = 00:00:10 ; elapsed = 00:00:34 . Memory (MB): peak = 1222.918 ; gain = 10.230
relaunch_sim
INFO: xsimkernel Simulation Memory Usage: 17216 KB (Peak: 17216 KB), Simulation CPU Usage: 33577 ms
Command: launch_simulation -step compile -simset sim_1 -mode behavioral
INFO: [Vivado 12-12493] Simulation top is 'top_tb'
WARNING: [Vivado 12-13340] Unable to auto find GCC executables from simulator install path! (path not set)
WARNING: [Vivado 12-13277] Compiled library path does not exist: ''
INFO: [Vivado 12-5698] Checking validity of IPs in the design for the 'XSim' simulator...
INFO: [Vivado 12-5682] Launching behavioral simulation in 'D:/Desktop/RISC-V-pipeline/RISC-V-pipeline.sim/sim_1/behav/xsim'
INFO: [Vivado 12-4795] Using compiled simulation libraries for IPs
INFO: [SIM-utils-51] Simulation object is 'sim_1'
INFO: [SIM-utils-72] Using boost library from 'D:/Software/Vivado2022/Vivado/2022.2/tps/boost_1_72_0'
INFO: [USF-XSim-7] Finding pre-compiled libraries...
INFO: [USF-XSim-11] File 'D:/Software/Vivado2022/Vivado/2022.2/data/xsim/xsim.ini' copied to run dir:'D:/Desktop/RISC-V-pipeline/RISC-V-pipeline.sim/sim_1/behav/xsim'
INFO: [SIM-utils-54] Inspecting design source files for 'top_tb' in fileset 'sim_1'...
INFO: [SIM-utils-43] Exported 'D:/Desktop/RISC-V-pipeline/RISC-V-pipeline.sim/sim_1/behav/xsim/inst_mem.mif'
INFO: [SIM-utils-43] Exported 'D:/Desktop/RISC-V-pipeline/RISC-V-pipeline.sim/sim_1/behav/xsim/load_store.coe'
INFO: [SIM-utils-43] Exported 'D:/Desktop/RISC-V-pipeline/RISC-V-pipeline.sim/sim_1/behav/xsim/UJ_format.coe'
INFO: [USF-XSim-97] Finding global include files...
INFO: [USF-XSim-98] Fetching design files from 'sim_1'...
INFO: [USF-XSim-2] XSim::Compile design
INFO: [USF-XSim-61] Executing 'COMPILE and ANALYZE' step in 'D:/Desktop/RISC-V-pipeline/RISC-V-pipeline.sim/sim_1/behav/xsim'
"xvlog --incr --relax -prj top_tb_vlog.prj"
INFO: [VRFC 10-2263] Analyzing Verilog file "D:/Desktop/RISC-V-pipeline/RISC-V-pipeline.gen/sources_1/ip/data_mem/sim/data_mem.v" into library xil_defaultlib
INFO: [VRFC 10-311] analyzing module data_mem
INFO: [VRFC 10-2263] Analyzing Verilog file "D:/Desktop/RISC-V-pipeline/RISC-V-pipeline.gen/sources_1/ip/inst_mem/sim/inst_mem.v" into library xil_defaultlib
INFO: [VRFC 10-311] analyzing module inst_mem
INFO: [VRFC 10-2263] Analyzing Verilog file "D:/Desktop/RISC-V-pipeline/RISC-V-pipeline.gen/sources_1/ip/cpuclk/cpuclk_clk_wiz.v" into library xil_defaultlib
INFO: [VRFC 10-311] analyzing module cpuclk_clk_wiz
INFO: [VRFC 10-2263] Analyzing Verilog file "D:/Desktop/RISC-V-pipeline/RISC-V-pipeline.gen/sources_1/ip/cpuclk/cpuclk.v" into library xil_defaultlib
INFO: [VRFC 10-311] analyzing module cpuclk
INFO: [VRFC 10-2263] Analyzing Verilog file "D:/Desktop/RISC-V-pipeline/RISC-V-pipeline.srcs/sources_1/imports/risc-v-cpu-pipeline/basic/alu/ALU.v" into library xil_defaultlib
INFO: [VRFC 10-311] analyzing module ALU
INFO: [VRFC 10-2263] Analyzing Verilog file "D:/Desktop/RISC-V-pipeline/RISC-V-pipeline.srcs/sources_1/imports/risc-v-cpu-pipeline/basic/ctrl/ALUope.v" into library xil_defaultlib
INFO: [VRFC 10-311] analyzing module ALUope
INFO: [VRFC 10-2263] Analyzing Verilog file "D:/Desktop/RISC-V-pipeline/RISC-V-pipeline.srcs/sources_1/imports/risc-v-cpu-pipeline/basic/pc/BHT.v" into library xil_defaultlib
INFO: [VRFC 10-311] analyzing module BHT
INFO: [VRFC 10-2263] Analyzing Verilog file "D:/Desktop/RISC-V-pipeline/RISC-V-pipeline.srcs/sources_1/imports/risc-v-cpu-pipeline/IO/BUS/BUS.v" into library xil_defaultlib
INFO: [VRFC 10-311] analyzing module BUS
INFO: [VRFC 10-2263] Analyzing Verilog file "D:/Desktop/RISC-V-pipeline/RISC-V-pipeline.srcs/sources_1/imports/risc-v-cpu-pipeline/basic/ctrl/BranchCTRL.v" into library xil_defaultlib
INFO: [VRFC 10-311] analyzing module BranchCTRL
INFO: [VRFC 10-2263] Analyzing Verilog file "D:/Desktop/RISC-V-pipeline/RISC-V-pipeline.srcs/sources_1/imports/risc-v-cpu-pipeline/basic/pc/BranchPredictor.v" into library xil_defaultlib
INFO: [VRFC 10-311] analyzing module BranchPredictor
INFO: [VRFC 10-2263] Analyzing Verilog file "D:/Desktop/RISC-V-pipeline/RISC-V-pipeline.srcs/sources_1/imports/risc-v-cpu-pipeline/basic/alu/COMP.v" into library xil_defaultlib
INFO: [VRFC 10-311] analyzing module COMP
INFO: [VRFC 10-2263] Analyzing Verilog file "D:/Desktop/RISC-V-pipeline/RISC-V-pipeline.srcs/sources_1/imports/risc-v-cpu-pipeline/basic/ctrl/CTRL.v" into library xil_defaultlib
INFO: [VRFC 10-311] analyzing module CTRL
INFO: [VRFC 10-2263] Analyzing Verilog file "D:/Desktop/RISC-V-pipeline/RISC-V-pipeline.srcs/sources_1/imports/risc-v-cpu-pipeline/combine/EX.v" into library xil_defaultlib
INFO: [VRFC 10-311] analyzing module EX
INFO: [VRFC 10-2263] Analyzing Verilog file "D:/Desktop/RISC-V-pipeline/RISC-V-pipeline.srcs/sources_1/imports/risc-v-cpu-pipeline/combine/EX_IF.v" into library xil_defaultlib
INFO: [VRFC 10-311] analyzing module EX_IF
INFO: [VRFC 10-2263] Analyzing Verilog file "D:/Desktop/RISC-V-pipeline/RISC-V-pipeline.srcs/sources_1/imports/risc-v-cpu-pipeline/combine/EX_MEM.v" into library xil_defaultlib
INFO: [VRFC 10-311] analyzing module EX_MEM
INFO: [VRFC 10-2263] Analyzing Verilog file "D:/Desktop/RISC-V-pipeline/RISC-V-pipeline.srcs/sources_1/imports/risc-v-cpu-pipeline/basic/ctrl/ExceptionCTRL.v" into library xil_defaultlib
INFO: [VRFC 10-311] analyzing module ExceptionCTRL
INFO: [VRFC 10-2263] Analyzing Verilog file "D:/Desktop/RISC-V-pipeline/RISC-V-pipeline.srcs/sources_1/imports/risc-v-cpu-pipeline/basic/ctrl/ForwardingUnit.v" into library xil_defaultlib
INFO: [VRFC 10-311] analyzing module ForwardingUnit
INFO: [VRFC 10-2263] Analyzing Verilog file "D:/Desktop/RISC-V-pipeline/RISC-V-pipeline.srcs/sources_1/imports/risc-v-cpu-pipeline/combine/ID.v" into library xil_defaultlib
INFO: [VRFC 10-311] analyzing module ID
INFO: [VRFC 10-2263] Analyzing Verilog file "D:/Desktop/RISC-V-pipeline/RISC-V-pipeline.srcs/sources_1/imports/risc-v-cpu-pipeline/combine/ID_EX.v" into library xil_defaultlib
INFO: [VRFC 10-311] analyzing module ID_EX
INFO: [VRFC 10-2263] Analyzing Verilog file "D:/Desktop/RISC-V-pipeline/RISC-V-pipeline.srcs/sources_1/imports/risc-v-cpu-pipeline/combine/IF.v" into library xil_defaultlib
INFO: [VRFC 10-311] analyzing module IF
INFO: [VRFC 10-2263] Analyzing Verilog file "D:/Desktop/RISC-V-pipeline/RISC-V-pipeline.srcs/sources_1/imports/risc-v-cpu-pipeline/combine/IF_ID.v" into library xil_defaultlib
INFO: [VRFC 10-311] analyzing module IF_ID
INFO: [VRFC 10-2263] Analyzing Verilog file "D:/Desktop/RISC-V-pipeline/RISC-V-pipeline.srcs/sources_1/imports/risc-v-cpu-pipeline/basic/ctrl/InstDivider.v" into library xil_defaultlib
INFO: [VRFC 10-311] analyzing module InstDivider
INFO: [VRFC 10-2263] Analyzing Verilog file "D:/Desktop/RISC-V-pipeline/RISC-V-pipeline.srcs/sources_1/imports/risc-v-cpu-pipeline/combine/MEM.v" into library xil_defaultlib
INFO: [VRFC 10-311] analyzing module MEM
INFO: [VRFC 10-2263] Analyzing Verilog file "D:/Desktop/RISC-V-pipeline/RISC-V-pipeline.srcs/sources_1/imports/risc-v-cpu-pipeline/combine/MEM_WB.v" into library xil_defaultlib
INFO: [VRFC 10-311] analyzing module MEM_WB
INFO: [VRFC 10-2263] Analyzing Verilog file "D:/Desktop/RISC-V-pipeline/RISC-V-pipeline.srcs/sources_1/imports/risc-v-cpu-pipeline/basic/pc/NPC.v" into library xil_defaultlib
INFO: [VRFC 10-311] analyzing module NPC
INFO: [VRFC 10-2263] Analyzing Verilog file "D:/Desktop/RISC-V-pipeline/RISC-V-pipeline.srcs/sources_1/imports/risc-v-cpu-pipeline/basic/pc/PC.v" into library xil_defaultlib
INFO: [VRFC 10-311] analyzing module PC
INFO: [VRFC 10-2263] Analyzing Verilog file "D:/Desktop/RISC-V-pipeline/RISC-V-pipeline.srcs/sources_1/imports/risc-v-cpu-pipeline/combine/WB.v" into library xil_defaultlib
INFO: [VRFC 10-311] analyzing module WB
INFO: [VRFC 10-2263] Analyzing Verilog file "D:/Desktop/RISC-V-pipeline/RISC-V-pipeline.srcs/sources_1/imports/risc-v-cpu-pipeline/IO/buffer/buffer.v" into library xil_defaultlib
INFO: [VRFC 10-311] analyzing module Buffer
INFO: [VRFC 10-2263] Analyzing Verilog file "D:/Desktop/RISC-V-pipeline/RISC-V-pipeline.srcs/sources_1/imports/risc-v-cpu-pipeline/basic/mem/dataMem.v" into library xil_defaultlib
INFO: [VRFC 10-311] analyzing module DataMem
INFO: [VRFC 10-2263] Analyzing Verilog file "D:/Desktop/RISC-V-pipeline/RISC-V-pipeline.srcs/sources_1/imports/risc-v-cpu-pipeline/IO/clk/deviceCLK.v" into library xil_defaultlib
INFO: [VRFC 10-311] analyzing module DeviceCLK
INFO: [VRFC 10-2263] Analyzing Verilog file "D:/Desktop/RISC-V-pipeline/RISC-V-pipeline.srcs/sources_1/imports/risc-v-cpu-pipeline/basic/alu/immGen.v" into library xil_defaultlib
INFO: [VRFC 10-311] analyzing module ImmGen
INFO: [VRFC 10-2263] Analyzing Verilog file "D:/Desktop/RISC-V-pipeline/RISC-V-pipeline.srcs/sources_1/imports/risc-v-cpu-pipeline/IO/interface_LED_SWITCH/inputCtrl_LED.v" into library xil_defaultlib
INFO: [VRFC 10-311] analyzing module InputCtrl_LED
INFO: [VRFC 10-2263] Analyzing Verilog file "D:/Desktop/RISC-V-pipeline/RISC-V-pipeline.srcs/sources_1/imports/risc-v-cpu-pipeline/IO/interface_NUMLED/inputCtrl_NUMLED.v" into library xil_defaultlib
INFO: [VRFC 10-311] analyzing module InputCtrl_NUMLED
INFO: [VRFC 10-2263] Analyzing Verilog file "D:/Desktop/RISC-V-pipeline/RISC-V-pipeline.srcs/sources_1/imports/risc-v-cpu-pipeline/IO/interface_RAM/inputCtrl_RAM.v" into library xil_defaultlib
INFO: [VRFC 10-311] analyzing module InputCtrl_RAM
INFO: [VRFC 10-2263] Analyzing Verilog file "D:/Desktop/RISC-V-pipeline/RISC-V-pipeline.srcs/sources_1/imports/risc-v-cpu-pipeline/basic/mem/instMem.v" into library xil_defaultlib
INFO: [VRFC 10-311] analyzing module InstMem
INFO: [VRFC 10-2263] Analyzing Verilog file "D:/Desktop/RISC-V-pipeline/RISC-V-pipeline.srcs/sources_1/imports/risc-v-cpu-pipeline/IO/interface_LED_SWITCH/interface_LED_SWITCH.v" into library xil_defaultlib
INFO: [VRFC 10-311] analyzing module Interface_LED_SWITCH
INFO: [VRFC 10-2263] Analyzing Verilog file "D:/Desktop/RISC-V-pipeline/RISC-V-pipeline.srcs/sources_1/imports/risc-v-cpu-pipeline/IO/interface_NUMLED/interface_NUMLED.v" into library xil_defaultlib
INFO: [VRFC 10-311] analyzing module Interface_NUMLED
INFO: [VRFC 10-2263] Analyzing Verilog file "D:/Desktop/RISC-V-pipeline/RISC-V-pipeline.srcs/sources_1/imports/risc-v-cpu-pipeline/IO/interface_RAM/interface_RAM.v" into library xil_defaultlib
INFO: [VRFC 10-311] analyzing module Interface_RAM
INFO: [VRFC 10-2263] Analyzing Verilog file "D:/Desktop/RISC-V-pipeline/RISC-V-pipeline.srcs/sources_1/imports/risc-v-cpu-pipeline/miniRV.v" into library xil_defaultlib
INFO: [VRFC 10-311] analyzing module mini_rv
INFO: [VRFC 10-2263] Analyzing Verilog file "D:/Desktop/RISC-V-pipeline/RISC-V-pipeline.srcs/sources_1/imports/risc-v-cpu-pipeline/IO/interface_RAM/outputCtrl_RAM.v" into library xil_defaultlib
INFO: [VRFC 10-311] analyzing module OutputCtrl_RAM
INFO: [VRFC 10-2263] Analyzing Verilog file "D:/Desktop/RISC-V-pipeline/RISC-V-pipeline.srcs/sources_1/imports/risc-v-cpu-pipeline/IO/interface_LED_SWITCH/outputCtrl_Switch.v" into library xil_defaultlib
INFO: [VRFC 10-311] analyzing module OutputCtrl_Switch
INFO: [VRFC 10-2263] Analyzing Verilog file "D:/Desktop/RISC-V-pipeline/RISC-V-pipeline.srcs/sources_1/imports/risc-v-cpu-pipeline/basic/mem/regFIle.v" into library xil_defaultlib
INFO: [VRFC 10-311] analyzing module RegFile
INFO: [VRFC 10-2263] Analyzing Verilog file "D:/Desktop/RISC-V-pipeline/RISC-V-pipeline.srcs/sources_1/imports/risc-v-cpu-pipeline/top.v" into library xil_defaultlib
INFO: [VRFC 10-311] analyzing module top
INFO: [VRFC 10-2263] Analyzing Verilog file "D:/Desktop/RISC-V-pipeline/RISC-V-pipeline.srcs/sim_1/new/top_tb.v" into library xil_defaultlib
INFO: [VRFC 10-311] analyzing module top_tb
run_program: Time (s): cpu = 00:00:01 ; elapsed = 00:00:05 . Memory (MB): peak = 1232.105 ; gain = 0.000
INFO: [USF-XSim-69] 'compile' step finished in '5' seconds
launch_simulation: Time (s): cpu = 00:00:01 ; elapsed = 00:00:05 . Memory (MB): peak = 1232.105 ; gain = 0.000
Command: launch_simulation -step elaborate -simset sim_1 -mode behavioral
INFO: [Vivado 12-12493] Simulation top is 'top_tb'
WARNING: [Vivado 12-13340] Unable to auto find GCC executables from simulator install path! (path not set)
WARNING: [Vivado 12-13277] Compiled library path does not exist: ''
INFO: [Vivado 12-5698] Checking validity of IPs in the design for the 'XSim' simulator...
INFO: [Vivado 12-5682] Launching behavioral simulation in 'D:/Desktop/RISC-V-pipeline/RISC-V-pipeline.sim/sim_1/behav/xsim'
INFO: [Vivado 12-4795] Using compiled simulation libraries for IPs
INFO: [SIM-utils-51] Simulation object is 'sim_1'
INFO: [USF-XSim-3] XSim::Elaborate design
INFO: [USF-XSim-61] Executing 'ELABORATE' step in 'D:/Desktop/RISC-V-pipeline/RISC-V-pipeline.sim/sim_1/behav/xsim'
"xelab --incr --debug typical --relax --mt 2 -L xil_defaultlib -L dist_mem_gen_v8_0_13 -L unisims_ver -L unimacro_ver -L secureip -L xpm --snapshot top_tb_behav xil_defaultlib.top_tb xil_defaultlib.glbl -log elaborate.log"
Vivado Simulator v2022.2
Copyright 1986-1999, 2001-2022 Xilinx, Inc. All Rights Reserved.
Running: D:/Software/Vivado2022/Vivado/2022.2/bin/unwrapped/win64.o/xelab.exe --incr --debug typical --relax --mt 2 -L xil_defaultlib -L dist_mem_gen_v8_0_13 -L unisims_ver -L unimacro_ver -L secureip -L xpm --snapshot top_tb_behav xil_defaultlib.top_tb xil_defaultlib.glbl -log elaborate.log 
Using 2 slave threads.
Starting static elaboration
Pass Through NonSizing Optimizer
WARNING: [VRFC 10-5021] port 'reset' is not connected on this instance [D:/Desktop/RISC-V-pipeline/RISC-V-pipeline.srcs/sources_1/imports/risc-v-cpu-pipeline/top.v:26]
WARNING: [VRFC 10-5021] port 'BC' is not connected on this instance [D:/Desktop/RISC-V-pipeline/RISC-V-pipeline.srcs/sources_1/imports/risc-v-cpu-pipeline/top.v:62]
Completed static elaboration
Starting simulation data flow analysis
Completed simulation data flow analysis
Time Resolution for simulation is 1ps
Compiling module unisims_ver.IBUF
Compiling module unisims_ver.PLLE2_ADV(CLKFBOUT_MULT=33,CLKIN...
Compiling module unisims_ver.BUFG
Compiling module xil_defaultlib.cpuclk_clk_wiz
Compiling module xil_defaultlib.cpuclk
Compiling module xil_defaultlib.BHT
Compiling module xil_defaultlib.BranchPredictor
Compiling module xil_defaultlib.NPC
Compiling module xil_defaultlib.PC
Compiling module dist_mem_gen_v8_0_13.dist_mem_gen_v8_0_13(C_FAMILY="a...
Compiling module xil_defaultlib.inst_mem
Compiling module xil_defaultlib.InstMem
Compiling module xil_defaultlib.BranchCTRL
Compiling module xil_defaultlib.IF
Compiling module xil_defaultlib.IF_ID
Compiling module xil_defaultlib.EX_IF
Compiling module xil_defaultlib.InstDivider
Compiling module xil_defaultlib.ALUope
Compiling module xil_defaultlib.CTRL
Compiling module xil_defaultlib.RegFile
Compiling module xil_defaultlib.ImmGen
Compiling module xil_defaultlib.ID
Compiling module xil_defaultlib.ID_EX
Compiling module xil_defaultlib.ALU
Compiling module xil_defaultlib.COMP
Compiling module xil_defaultlib.EX
Compiling module xil_defaultlib.EX_MEM
Compiling module xil_defaultlib.MEM
Compiling module xil_defaultlib.MEM_WB
Compiling module xil_defaultlib.WB
Compiling module xil_defaultlib.ForwardingUnit
Compiling module xil_defaultlib.ExceptionCTRL
Compiling module xil_defaultlib.mini_rv
Compiling module xil_defaultlib.DeviceCLK(EXTEND=100)
Compiling module xil_defaultlib.InputCtrl_RAM
Compiling module xil_defaultlib.OutputCtrl_RAM
Compiling module dist_mem_gen_v8_0_13.dist_mem_gen_v8_0_13(C_FAMILY="a...
Compiling module xil_defaultlib.data_mem
Compiling module xil_defaultlib.DataMem
Compiling module xil_defaultlib.Interface_RAM
Compiling module xil_defaultlib.Buffer
Compiling module xil_defaultlib.InputCtrl_NUMLED
Compiling module xil_defaultlib.Interface_NUMLED
Compiling module xil_defaultlib.InputCtrl_LED
Compiling module xil_defaultlib.OutputCtrl_Switch
Compiling module xil_defaultlib.Interface_LED_SWITCH
Compiling module xil_defaultlib.BUS
Compiling module xil_defaultlib.top
Compiling module xil_defaultlib.top_tb
Compiling module xil_defaultlib.glbl
Built simulation snapshot top_tb_behav
run_program: Time (s): cpu = 00:00:00 ; elapsed = 00:00:05 . Memory (MB): peak = 1232.105 ; gain = 0.000
INFO: [USF-XSim-69] 'elaborate' step finished in '6' seconds
launch_simulation: Time (s): cpu = 00:00:00 ; elapsed = 00:00:05 . Memory (MB): peak = 1232.105 ; gain = 0.000
Time resolution is 1 ps
WARNING: This core is supplied with a behavioral model. To model cycle-accurate behavior you must run timing simulation.
WARNING: This core is supplied with a behavioral model. To model cycle-accurate behavior you must run timing simulation.
relaunch_sim: Time (s): cpu = 00:00:02 ; elapsed = 00:00:12 . Memory (MB): peak = 1232.105 ; gain = 0.000
run all
Warning : input CLKIN1 period and attribute CLKIN1_PERIOD on PLLE2_ADV instance top_tb.u_top.cpuClk.inst.plle2_adv_inst are not same.
run: Time (s): cpu = 00:00:05 ; elapsed = 00:00:24 . Memory (MB): peak = 1232.105 ; gain = 0.000
run all
run: Time (s): cpu = 00:00:14 ; elapsed = 00:01:19 . Memory (MB): peak = 1232.227 ; gain = 0.121
current_wave_config {Untitled 1}
Untitled 1
add_wave {{/top_tb/u_top/mini_rv_u/If/inst}} 
relaunch_sim
INFO: xsimkernel Simulation Memory Usage: 17268 KB (Peak: 17268 KB), Simulation CPU Usage: 103312 ms
Command: launch_simulation -step compile -simset sim_1 -mode behavioral
INFO: [Vivado 12-12493] Simulation top is 'top_tb'
WARNING: [Vivado 12-13340] Unable to auto find GCC executables from simulator install path! (path not set)
WARNING: [Vivado 12-13277] Compiled library path does not exist: ''
INFO: [Vivado 12-5698] Checking validity of IPs in the design for the 'XSim' simulator...
INFO: [Vivado 12-5682] Launching behavioral simulation in 'D:/Desktop/RISC-V-pipeline/RISC-V-pipeline.sim/sim_1/behav/xsim'
INFO: [Vivado 12-4795] Using compiled simulation libraries for IPs
INFO: [SIM-utils-51] Simulation object is 'sim_1'
INFO: [USF-XSim-2] XSim::Compile design
INFO: [USF-XSim-61] Executing 'COMPILE and ANALYZE' step in 'D:/Desktop/RISC-V-pipeline/RISC-V-pipeline.sim/sim_1/behav/xsim'
"xvlog --incr --relax -prj top_tb_vlog.prj"
INFO: [USF-XSim-69] 'compile' step finished in '2' seconds
Command: launch_simulation -step elaborate -simset sim_1 -mode behavioral
INFO: [Vivado 12-12493] Simulation top is 'top_tb'
WARNING: [Vivado 12-13340] Unable to auto find GCC executables from simulator install path! (path not set)
WARNING: [Vivado 12-13277] Compiled library path does not exist: ''
INFO: [Vivado 12-5698] Checking validity of IPs in the design for the 'XSim' simulator...
INFO: [Vivado 12-5682] Launching behavioral simulation in 'D:/Desktop/RISC-V-pipeline/RISC-V-pipeline.sim/sim_1/behav/xsim'
INFO: [Vivado 12-4795] Using compiled simulation libraries for IPs
INFO: [SIM-utils-51] Simulation object is 'sim_1'
INFO: [USF-XSim-3] XSim::Elaborate design
INFO: [USF-XSim-61] Executing 'ELABORATE' step in 'D:/Desktop/RISC-V-pipeline/RISC-V-pipeline.sim/sim_1/behav/xsim'
"xelab --incr --debug typical --relax --mt 2 -L xil_defaultlib -L dist_mem_gen_v8_0_13 -L unisims_ver -L unimacro_ver -L secureip -L xpm --snapshot top_tb_behav xil_defaultlib.top_tb xil_defaultlib.glbl -log elaborate.log"
Vivado Simulator v2022.2
Copyright 1986-1999, 2001-2022 Xilinx, Inc. All Rights Reserved.
Running: D:/Software/Vivado2022/Vivado/2022.2/bin/unwrapped/win64.o/xelab.exe --incr --debug typical --relax --mt 2 -L xil_defaultlib -L dist_mem_gen_v8_0_13 -L unisims_ver -L unimacro_ver -L secureip -L xpm --snapshot top_tb_behav xil_defaultlib.top_tb xil_defaultlib.glbl -log elaborate.log 
Using 2 slave threads.
Starting static elaboration
Pass Through NonSizing Optimizer
WARNING: [VRFC 10-5021] port 'reset' is not connected on this instance [D:/Desktop/RISC-V-pipeline/RISC-V-pipeline.srcs/sources_1/imports/risc-v-cpu-pipeline/top.v:26]
WARNING: [VRFC 10-5021] port 'BC' is not connected on this instance [D:/Desktop/RISC-V-pipeline/RISC-V-pipeline.srcs/sources_1/imports/risc-v-cpu-pipeline/top.v:62]
Completed static elaboration
INFO: [XSIM 43-4323] No Change in HDL. Linking previously generated obj files to create kernel
INFO: [USF-XSim-69] 'elaborate' step finished in '1' seconds
Time resolution is 1 ps
WARNING: This core is supplied with a behavioral model. To model cycle-accurate behavior you must run timing simulation.
WARNING: This core is supplied with a behavioral model. To model cycle-accurate behavior you must run timing simulation.
relaunch_sim: Time (s): cpu = 00:00:02 ; elapsed = 00:00:05 . Memory (MB): peak = 1234.133 ; gain = 0.000
run all
Warning : input CLKIN1 period and attribute CLKIN1_PERIOD on PLLE2_ADV instance top_tb.u_top.cpuClk.inst.plle2_adv_inst are not same.
run: Time (s): cpu = 00:01:28 ; elapsed = 00:12:44 . Memory (MB): peak = 1238.184 ; gain = 4.051
relaunch_sim
INFO: xsimkernel Simulation Memory Usage: 17324 KB (Peak: 17324 KB), Simulation CPU Usage: 763749 ms
Command: launch_simulation -step compile -simset sim_1 -mode behavioral
INFO: [Vivado 12-12493] Simulation top is 'top_tb'
WARNING: [Vivado 12-13340] Unable to auto find GCC executables from simulator install path! (path not set)
WARNING: [Vivado 12-13277] Compiled library path does not exist: ''
INFO: [Vivado 12-5698] Checking validity of IPs in the design for the 'XSim' simulator...
INFO: [Vivado 12-5682] Launching behavioral simulation in 'D:/Desktop/RISC-V-pipeline/RISC-V-pipeline.sim/sim_1/behav/xsim'
INFO: [Vivado 12-4795] Using compiled simulation libraries for IPs
INFO: [SIM-utils-51] Simulation object is 'sim_1'
INFO: [USF-XSim-2] XSim::Compile design
INFO: [USF-XSim-61] Executing 'COMPILE and ANALYZE' step in 'D:/Desktop/RISC-V-pipeline/RISC-V-pipeline.sim/sim_1/behav/xsim'
"xvlog --incr --relax -prj top_tb_vlog.prj"
INFO: [VRFC 10-2263] Analyzing Verilog file "D:/Desktop/RISC-V-pipeline/RISC-V-pipeline.gen/sources_1/ip/data_mem/sim/data_mem.v" into library xil_defaultlib
INFO: [VRFC 10-311] analyzing module data_mem
INFO: [VRFC 10-2263] Analyzing Verilog file "D:/Desktop/RISC-V-pipeline/RISC-V-pipeline.gen/sources_1/ip/inst_mem/sim/inst_mem.v" into library xil_defaultlib
INFO: [VRFC 10-311] analyzing module inst_mem
INFO: [VRFC 10-2263] Analyzing Verilog file "D:/Desktop/RISC-V-pipeline/RISC-V-pipeline.gen/sources_1/ip/cpuclk/cpuclk_clk_wiz.v" into library xil_defaultlib
INFO: [VRFC 10-311] analyzing module cpuclk_clk_wiz
INFO: [VRFC 10-2263] Analyzing Verilog file "D:/Desktop/RISC-V-pipeline/RISC-V-pipeline.gen/sources_1/ip/cpuclk/cpuclk.v" into library xil_defaultlib
INFO: [VRFC 10-311] analyzing module cpuclk
INFO: [VRFC 10-2263] Analyzing Verilog file "D:/Desktop/RISC-V-pipeline/RISC-V-pipeline.srcs/sources_1/imports/risc-v-cpu-pipeline/basic/alu/ALU.v" into library xil_defaultlib
INFO: [VRFC 10-311] analyzing module ALU
INFO: [VRFC 10-2263] Analyzing Verilog file "D:/Desktop/RISC-V-pipeline/RISC-V-pipeline.srcs/sources_1/imports/risc-v-cpu-pipeline/basic/ctrl/ALUope.v" into library xil_defaultlib
INFO: [VRFC 10-311] analyzing module ALUope
INFO: [VRFC 10-2263] Analyzing Verilog file "D:/Desktop/RISC-V-pipeline/RISC-V-pipeline.srcs/sources_1/imports/risc-v-cpu-pipeline/basic/pc/BHT.v" into library xil_defaultlib
INFO: [VRFC 10-311] analyzing module BHT
INFO: [VRFC 10-2263] Analyzing Verilog file "D:/Desktop/RISC-V-pipeline/RISC-V-pipeline.srcs/sources_1/imports/risc-v-cpu-pipeline/IO/BUS/BUS.v" into library xil_defaultlib
INFO: [VRFC 10-311] analyzing module BUS
INFO: [VRFC 10-2263] Analyzing Verilog file "D:/Desktop/RISC-V-pipeline/RISC-V-pipeline.srcs/sources_1/imports/risc-v-cpu-pipeline/basic/ctrl/BranchCTRL.v" into library xil_defaultlib
INFO: [VRFC 10-311] analyzing module BranchCTRL
INFO: [VRFC 10-2263] Analyzing Verilog file "D:/Desktop/RISC-V-pipeline/RISC-V-pipeline.srcs/sources_1/imports/risc-v-cpu-pipeline/basic/pc/BranchPredictor.v" into library xil_defaultlib
INFO: [VRFC 10-311] analyzing module BranchPredictor
INFO: [VRFC 10-2263] Analyzing Verilog file "D:/Desktop/RISC-V-pipeline/RISC-V-pipeline.srcs/sources_1/imports/risc-v-cpu-pipeline/basic/alu/COMP.v" into library xil_defaultlib
INFO: [VRFC 10-311] analyzing module COMP
INFO: [VRFC 10-2263] Analyzing Verilog file "D:/Desktop/RISC-V-pipeline/RISC-V-pipeline.srcs/sources_1/imports/risc-v-cpu-pipeline/basic/ctrl/CTRL.v" into library xil_defaultlib
INFO: [VRFC 10-311] analyzing module CTRL
INFO: [VRFC 10-2263] Analyzing Verilog file "D:/Desktop/RISC-V-pipeline/RISC-V-pipeline.srcs/sources_1/imports/risc-v-cpu-pipeline/combine/EX.v" into library xil_defaultlib
INFO: [VRFC 10-311] analyzing module EX
INFO: [VRFC 10-2263] Analyzing Verilog file "D:/Desktop/RISC-V-pipeline/RISC-V-pipeline.srcs/sources_1/imports/risc-v-cpu-pipeline/combine/EX_IF.v" into library xil_defaultlib
INFO: [VRFC 10-311] analyzing module EX_IF
INFO: [VRFC 10-2263] Analyzing Verilog file "D:/Desktop/RISC-V-pipeline/RISC-V-pipeline.srcs/sources_1/imports/risc-v-cpu-pipeline/combine/EX_MEM.v" into library xil_defaultlib
INFO: [VRFC 10-311] analyzing module EX_MEM
INFO: [VRFC 10-2263] Analyzing Verilog file "D:/Desktop/RISC-V-pipeline/RISC-V-pipeline.srcs/sources_1/imports/risc-v-cpu-pipeline/basic/ctrl/ExceptionCTRL.v" into library xil_defaultlib
INFO: [VRFC 10-311] analyzing module ExceptionCTRL
INFO: [VRFC 10-2263] Analyzing Verilog file "D:/Desktop/RISC-V-pipeline/RISC-V-pipeline.srcs/sources_1/imports/risc-v-cpu-pipeline/basic/ctrl/ForwardingUnit.v" into library xil_defaultlib
INFO: [VRFC 10-311] analyzing module ForwardingUnit
INFO: [VRFC 10-2263] Analyzing Verilog file "D:/Desktop/RISC-V-pipeline/RISC-V-pipeline.srcs/sources_1/imports/risc-v-cpu-pipeline/combine/ID.v" into library xil_defaultlib
INFO: [VRFC 10-311] analyzing module ID
INFO: [VRFC 10-2263] Analyzing Verilog file "D:/Desktop/RISC-V-pipeline/RISC-V-pipeline.srcs/sources_1/imports/risc-v-cpu-pipeline/combine/ID_EX.v" into library xil_defaultlib
INFO: [VRFC 10-311] analyzing module ID_EX
INFO: [VRFC 10-2263] Analyzing Verilog file "D:/Desktop/RISC-V-pipeline/RISC-V-pipeline.srcs/sources_1/imports/risc-v-cpu-pipeline/combine/IF.v" into library xil_defaultlib
INFO: [VRFC 10-311] analyzing module IF
INFO: [VRFC 10-2263] Analyzing Verilog file "D:/Desktop/RISC-V-pipeline/RISC-V-pipeline.srcs/sources_1/imports/risc-v-cpu-pipeline/combine/IF_ID.v" into library xil_defaultlib
INFO: [VRFC 10-311] analyzing module IF_ID
INFO: [VRFC 10-2263] Analyzing Verilog file "D:/Desktop/RISC-V-pipeline/RISC-V-pipeline.srcs/sources_1/imports/risc-v-cpu-pipeline/basic/ctrl/InstDivider.v" into library xil_defaultlib
INFO: [VRFC 10-311] analyzing module InstDivider
INFO: [VRFC 10-2263] Analyzing Verilog file "D:/Desktop/RISC-V-pipeline/RISC-V-pipeline.srcs/sources_1/imports/risc-v-cpu-pipeline/combine/MEM.v" into library xil_defaultlib
INFO: [VRFC 10-311] analyzing module MEM
INFO: [VRFC 10-2263] Analyzing Verilog file "D:/Desktop/RISC-V-pipeline/RISC-V-pipeline.srcs/sources_1/imports/risc-v-cpu-pipeline/combine/MEM_WB.v" into library xil_defaultlib
INFO: [VRFC 10-311] analyzing module MEM_WB
INFO: [VRFC 10-2263] Analyzing Verilog file "D:/Desktop/RISC-V-pipeline/RISC-V-pipeline.srcs/sources_1/imports/risc-v-cpu-pipeline/basic/pc/NPC.v" into library xil_defaultlib
INFO: [VRFC 10-311] analyzing module NPC
INFO: [VRFC 10-2263] Analyzing Verilog file "D:/Desktop/RISC-V-pipeline/RISC-V-pipeline.srcs/sources_1/imports/risc-v-cpu-pipeline/basic/pc/PC.v" into library xil_defaultlib
INFO: [VRFC 10-311] analyzing module PC
INFO: [VRFC 10-2263] Analyzing Verilog file "D:/Desktop/RISC-V-pipeline/RISC-V-pipeline.srcs/sources_1/imports/risc-v-cpu-pipeline/combine/WB.v" into library xil_defaultlib
INFO: [VRFC 10-311] analyzing module WB
INFO: [VRFC 10-2263] Analyzing Verilog file "D:/Desktop/RISC-V-pipeline/RISC-V-pipeline.srcs/sources_1/imports/risc-v-cpu-pipeline/IO/buffer/buffer.v" into library xil_defaultlib
INFO: [VRFC 10-311] analyzing module Buffer
INFO: [VRFC 10-2263] Analyzing Verilog file "D:/Desktop/RISC-V-pipeline/RISC-V-pipeline.srcs/sources_1/imports/risc-v-cpu-pipeline/basic/mem/dataMem.v" into library xil_defaultlib
INFO: [VRFC 10-311] analyzing module DataMem
INFO: [VRFC 10-2263] Analyzing Verilog file "D:/Desktop/RISC-V-pipeline/RISC-V-pipeline.srcs/sources_1/imports/risc-v-cpu-pipeline/IO/clk/deviceCLK.v" into library xil_defaultlib
INFO: [VRFC 10-311] analyzing module DeviceCLK
INFO: [VRFC 10-2263] Analyzing Verilog file "D:/Desktop/RISC-V-pipeline/RISC-V-pipeline.srcs/sources_1/imports/risc-v-cpu-pipeline/basic/alu/immGen.v" into library xil_defaultlib
INFO: [VRFC 10-311] analyzing module ImmGen
INFO: [VRFC 10-2263] Analyzing Verilog file "D:/Desktop/RISC-V-pipeline/RISC-V-pipeline.srcs/sources_1/imports/risc-v-cpu-pipeline/IO/interface_LED_SWITCH/inputCtrl_LED.v" into library xil_defaultlib
INFO: [VRFC 10-311] analyzing module InputCtrl_LED
INFO: [VRFC 10-2263] Analyzing Verilog file "D:/Desktop/RISC-V-pipeline/RISC-V-pipeline.srcs/sources_1/imports/risc-v-cpu-pipeline/IO/interface_NUMLED/inputCtrl_NUMLED.v" into library xil_defaultlib
INFO: [VRFC 10-311] analyzing module InputCtrl_NUMLED
INFO: [VRFC 10-2263] Analyzing Verilog file "D:/Desktop/RISC-V-pipeline/RISC-V-pipeline.srcs/sources_1/imports/risc-v-cpu-pipeline/IO/interface_RAM/inputCtrl_RAM.v" into library xil_defaultlib
INFO: [VRFC 10-311] analyzing module InputCtrl_RAM
INFO: [VRFC 10-2263] Analyzing Verilog file "D:/Desktop/RISC-V-pipeline/RISC-V-pipeline.srcs/sources_1/imports/risc-v-cpu-pipeline/basic/mem/instMem.v" into library xil_defaultlib
INFO: [VRFC 10-311] analyzing module InstMem
INFO: [VRFC 10-2263] Analyzing Verilog file "D:/Desktop/RISC-V-pipeline/RISC-V-pipeline.srcs/sources_1/imports/risc-v-cpu-pipeline/IO/interface_LED_SWITCH/interface_LED_SWITCH.v" into library xil_defaultlib
INFO: [VRFC 10-311] analyzing module Interface_LED_SWITCH
INFO: [VRFC 10-2263] Analyzing Verilog file "D:/Desktop/RISC-V-pipeline/RISC-V-pipeline.srcs/sources_1/imports/risc-v-cpu-pipeline/IO/interface_NUMLED/interface_NUMLED.v" into library xil_defaultlib
INFO: [VRFC 10-311] analyzing module Interface_NUMLED
INFO: [VRFC 10-2263] Analyzing Verilog file "D:/Desktop/RISC-V-pipeline/RISC-V-pipeline.srcs/sources_1/imports/risc-v-cpu-pipeline/IO/interface_RAM/interface_RAM.v" into library xil_defaultlib
INFO: [VRFC 10-311] analyzing module Interface_RAM
INFO: [VRFC 10-2263] Analyzing Verilog file "D:/Desktop/RISC-V-pipeline/RISC-V-pipeline.srcs/sources_1/imports/risc-v-cpu-pipeline/miniRV.v" into library xil_defaultlib
INFO: [VRFC 10-311] analyzing module mini_rv
INFO: [VRFC 10-2263] Analyzing Verilog file "D:/Desktop/RISC-V-pipeline/RISC-V-pipeline.srcs/sources_1/imports/risc-v-cpu-pipeline/IO/interface_RAM/outputCtrl_RAM.v" into library xil_defaultlib
INFO: [VRFC 10-311] analyzing module OutputCtrl_RAM
INFO: [VRFC 10-2263] Analyzing Verilog file "D:/Desktop/RISC-V-pipeline/RISC-V-pipeline.srcs/sources_1/imports/risc-v-cpu-pipeline/IO/interface_LED_SWITCH/outputCtrl_Switch.v" into library xil_defaultlib
INFO: [VRFC 10-311] analyzing module OutputCtrl_Switch
INFO: [VRFC 10-2263] Analyzing Verilog file "D:/Desktop/RISC-V-pipeline/RISC-V-pipeline.srcs/sources_1/imports/risc-v-cpu-pipeline/basic/mem/regFIle.v" into library xil_defaultlib
INFO: [VRFC 10-311] analyzing module RegFile
INFO: [VRFC 10-2263] Analyzing Verilog file "D:/Desktop/RISC-V-pipeline/RISC-V-pipeline.srcs/sources_1/imports/risc-v-cpu-pipeline/top.v" into library xil_defaultlib
INFO: [VRFC 10-311] analyzing module top
INFO: [VRFC 10-2263] Analyzing Verilog file "D:/Desktop/RISC-V-pipeline/RISC-V-pipeline.srcs/sim_1/new/top_tb.v" into library xil_defaultlib
INFO: [VRFC 10-311] analyzing module top_tb
run_program: Time (s): cpu = 00:00:00 ; elapsed = 00:00:05 . Memory (MB): peak = 1238.184 ; gain = 0.000
INFO: [USF-XSim-69] 'compile' step finished in '5' seconds
launch_simulation: Time (s): cpu = 00:00:01 ; elapsed = 00:00:06 . Memory (MB): peak = 1238.184 ; gain = 0.000
Command: launch_simulation -step elaborate -simset sim_1 -mode behavioral
INFO: [Vivado 12-12493] Simulation top is 'top_tb'
WARNING: [Vivado 12-13340] Unable to auto find GCC executables from simulator install path! (path not set)
WARNING: [Vivado 12-13277] Compiled library path does not exist: ''
INFO: [Vivado 12-5698] Checking validity of IPs in the design for the 'XSim' simulator...
INFO: [Vivado 12-5682] Launching behavioral simulation in 'D:/Desktop/RISC-V-pipeline/RISC-V-pipeline.sim/sim_1/behav/xsim'
INFO: [Vivado 12-4795] Using compiled simulation libraries for IPs
INFO: [SIM-utils-51] Simulation object is 'sim_1'
INFO: [USF-XSim-3] XSim::Elaborate design
INFO: [USF-XSim-61] Executing 'ELABORATE' step in 'D:/Desktop/RISC-V-pipeline/RISC-V-pipeline.sim/sim_1/behav/xsim'
"xelab --incr --debug typical --relax --mt 2 -L xil_defaultlib -L dist_mem_gen_v8_0_13 -L unisims_ver -L unimacro_ver -L secureip -L xpm --snapshot top_tb_behav xil_defaultlib.top_tb xil_defaultlib.glbl -log elaborate.log"
Vivado Simulator v2022.2
Copyright 1986-1999, 2001-2022 Xilinx, Inc. All Rights Reserved.
Running: D:/Software/Vivado2022/Vivado/2022.2/bin/unwrapped/win64.o/xelab.exe --incr --debug typical --relax --mt 2 -L xil_defaultlib -L dist_mem_gen_v8_0_13 -L unisims_ver -L unimacro_ver -L secureip -L xpm --snapshot top_tb_behav xil_defaultlib.top_tb xil_defaultlib.glbl -log elaborate.log 
Using 2 slave threads.
Starting static elaboration
Pass Through NonSizing Optimizer
WARNING: [VRFC 10-5021] port 'reset' is not connected on this instance [D:/Desktop/RISC-V-pipeline/RISC-V-pipeline.srcs/sources_1/imports/risc-v-cpu-pipeline/top.v:26]
WARNING: [VRFC 10-5021] port 'BC' is not connected on this instance [D:/Desktop/RISC-V-pipeline/RISC-V-pipeline.srcs/sources_1/imports/risc-v-cpu-pipeline/top.v:62]
Completed static elaboration
Starting simulation data flow analysis
Completed simulation data flow analysis
Time Resolution for simulation is 1ps
Compiling module unisims_ver.IBUF
Compiling module unisims_ver.PLLE2_ADV(CLKFBOUT_MULT=33,CLKIN...
Compiling module unisims_ver.BUFG
Compiling module xil_defaultlib.cpuclk_clk_wiz
Compiling module xil_defaultlib.cpuclk
Compiling module xil_defaultlib.BHT
Compiling module xil_defaultlib.BranchPredictor
Compiling module xil_defaultlib.NPC
Compiling module xil_defaultlib.PC
Compiling module dist_mem_gen_v8_0_13.dist_mem_gen_v8_0_13(C_FAMILY="a...
Compiling module xil_defaultlib.inst_mem
Compiling module xil_defaultlib.InstMem
Compiling module xil_defaultlib.BranchCTRL
Compiling module xil_defaultlib.IF
Compiling module xil_defaultlib.IF_ID
Compiling module xil_defaultlib.EX_IF
Compiling module xil_defaultlib.InstDivider
Compiling module xil_defaultlib.ALUope
Compiling module xil_defaultlib.CTRL
Compiling module xil_defaultlib.RegFile
Compiling module xil_defaultlib.ImmGen
Compiling module xil_defaultlib.ID
Compiling module xil_defaultlib.ID_EX
Compiling module xil_defaultlib.ALU
Compiling module xil_defaultlib.COMP
Compiling module xil_defaultlib.EX
Compiling module xil_defaultlib.EX_MEM
Compiling module xil_defaultlib.MEM
Compiling module xil_defaultlib.MEM_WB
Compiling module xil_defaultlib.WB
Compiling module xil_defaultlib.ForwardingUnit
Compiling module xil_defaultlib.ExceptionCTRL
Compiling module xil_defaultlib.mini_rv
Compiling module xil_defaultlib.DeviceCLK(EXTEND=100)
Compiling module xil_defaultlib.InputCtrl_RAM
Compiling module xil_defaultlib.OutputCtrl_RAM
Compiling module dist_mem_gen_v8_0_13.dist_mem_gen_v8_0_13(C_FAMILY="a...
Compiling module xil_defaultlib.data_mem
Compiling module xil_defaultlib.DataMem
Compiling module xil_defaultlib.Interface_RAM
Compiling module xil_defaultlib.Buffer
Compiling module xil_defaultlib.InputCtrl_NUMLED
Compiling module xil_defaultlib.Interface_NUMLED
Compiling module xil_defaultlib.InputCtrl_LED
Compiling module xil_defaultlib.OutputCtrl_Switch
Compiling module xil_defaultlib.Interface_LED_SWITCH
Compiling module xil_defaultlib.BUS
Compiling module xil_defaultlib.top
Compiling module xil_defaultlib.top_tb
Compiling module xil_defaultlib.glbl
Built simulation snapshot top_tb_behav
run_program: Time (s): cpu = 00:00:00 ; elapsed = 00:00:05 . Memory (MB): peak = 1238.184 ; gain = 0.000
INFO: [USF-XSim-69] 'elaborate' step finished in '5' seconds
launch_simulation: Time (s): cpu = 00:00:00 ; elapsed = 00:00:05 . Memory (MB): peak = 1238.184 ; gain = 0.000
Time resolution is 1 ps
WARNING: This core is supplied with a behavioral model. To model cycle-accurate behavior you must run timing simulation.
WARNING: This core is supplied with a behavioral model. To model cycle-accurate behavior you must run timing simulation.
relaunch_sim: Time (s): cpu = 00:00:01 ; elapsed = 00:00:13 . Memory (MB): peak = 1238.184 ; gain = 0.000
run all
run: Time (s): cpu = 00:00:03 ; elapsed = 00:00:18 . Memory (MB): peak = 1238.996 ; gain = 0.812
relaunch_sim
INFO: xsimkernel Simulation Memory Usage: 17236 KB (Peak: 17236 KB), Simulation CPU Usage: 17452 ms
Command: launch_simulation -step compile -simset sim_1 -mode behavioral
INFO: [Vivado 12-12493] Simulation top is 'top_tb'
WARNING: [Vivado 12-13340] Unable to auto find GCC executables from simulator install path! (path not set)
WARNING: [Vivado 12-13277] Compiled library path does not exist: ''
INFO: [Vivado 12-5698] Checking validity of IPs in the design for the 'XSim' simulator...
INFO: [Vivado 12-5682] Launching behavioral simulation in 'D:/Desktop/RISC-V-pipeline/RISC-V-pipeline.sim/sim_1/behav/xsim'
INFO: [Vivado 12-4795] Using compiled simulation libraries for IPs
INFO: [SIM-utils-51] Simulation object is 'sim_1'
INFO: [USF-XSim-2] XSim::Compile design
INFO: [USF-XSim-61] Executing 'COMPILE and ANALYZE' step in 'D:/Desktop/RISC-V-pipeline/RISC-V-pipeline.sim/sim_1/behav/xsim'
"xvlog --incr --relax -prj top_tb_vlog.prj"
INFO: [VRFC 10-2263] Analyzing Verilog file "D:/Desktop/RISC-V-pipeline/RISC-V-pipeline.gen/sources_1/ip/data_mem/sim/data_mem.v" into library xil_defaultlib
INFO: [VRFC 10-311] analyzing module data_mem
INFO: [VRFC 10-2263] Analyzing Verilog file "D:/Desktop/RISC-V-pipeline/RISC-V-pipeline.gen/sources_1/ip/inst_mem/sim/inst_mem.v" into library xil_defaultlib
INFO: [VRFC 10-311] analyzing module inst_mem
INFO: [VRFC 10-2263] Analyzing Verilog file "D:/Desktop/RISC-V-pipeline/RISC-V-pipeline.gen/sources_1/ip/cpuclk/cpuclk_clk_wiz.v" into library xil_defaultlib
INFO: [VRFC 10-311] analyzing module cpuclk_clk_wiz
INFO: [VRFC 10-2263] Analyzing Verilog file "D:/Desktop/RISC-V-pipeline/RISC-V-pipeline.gen/sources_1/ip/cpuclk/cpuclk.v" into library xil_defaultlib
INFO: [VRFC 10-311] analyzing module cpuclk
INFO: [VRFC 10-2263] Analyzing Verilog file "D:/Desktop/RISC-V-pipeline/RISC-V-pipeline.srcs/sources_1/imports/risc-v-cpu-pipeline/basic/alu/ALU.v" into library xil_defaultlib
INFO: [VRFC 10-311] analyzing module ALU
INFO: [VRFC 10-2263] Analyzing Verilog file "D:/Desktop/RISC-V-pipeline/RISC-V-pipeline.srcs/sources_1/imports/risc-v-cpu-pipeline/basic/ctrl/ALUope.v" into library xil_defaultlib
INFO: [VRFC 10-311] analyzing module ALUope
INFO: [VRFC 10-2263] Analyzing Verilog file "D:/Desktop/RISC-V-pipeline/RISC-V-pipeline.srcs/sources_1/imports/risc-v-cpu-pipeline/basic/pc/BHT.v" into library xil_defaultlib
INFO: [VRFC 10-311] analyzing module BHT
INFO: [VRFC 10-2263] Analyzing Verilog file "D:/Desktop/RISC-V-pipeline/RISC-V-pipeline.srcs/sources_1/imports/risc-v-cpu-pipeline/IO/BUS/BUS.v" into library xil_defaultlib
INFO: [VRFC 10-311] analyzing module BUS
INFO: [VRFC 10-2263] Analyzing Verilog file "D:/Desktop/RISC-V-pipeline/RISC-V-pipeline.srcs/sources_1/imports/risc-v-cpu-pipeline/basic/ctrl/BranchCTRL.v" into library xil_defaultlib
INFO: [VRFC 10-311] analyzing module BranchCTRL
INFO: [VRFC 10-2263] Analyzing Verilog file "D:/Desktop/RISC-V-pipeline/RISC-V-pipeline.srcs/sources_1/imports/risc-v-cpu-pipeline/basic/pc/BranchPredictor.v" into library xil_defaultlib
INFO: [VRFC 10-311] analyzing module BranchPredictor
INFO: [VRFC 10-2263] Analyzing Verilog file "D:/Desktop/RISC-V-pipeline/RISC-V-pipeline.srcs/sources_1/imports/risc-v-cpu-pipeline/basic/alu/COMP.v" into library xil_defaultlib
INFO: [VRFC 10-311] analyzing module COMP
INFO: [VRFC 10-2263] Analyzing Verilog file "D:/Desktop/RISC-V-pipeline/RISC-V-pipeline.srcs/sources_1/imports/risc-v-cpu-pipeline/basic/ctrl/CTRL.v" into library xil_defaultlib
INFO: [VRFC 10-311] analyzing module CTRL
INFO: [VRFC 10-2263] Analyzing Verilog file "D:/Desktop/RISC-V-pipeline/RISC-V-pipeline.srcs/sources_1/imports/risc-v-cpu-pipeline/combine/EX.v" into library xil_defaultlib
INFO: [VRFC 10-311] analyzing module EX
INFO: [VRFC 10-2263] Analyzing Verilog file "D:/Desktop/RISC-V-pipeline/RISC-V-pipeline.srcs/sources_1/imports/risc-v-cpu-pipeline/combine/EX_IF.v" into library xil_defaultlib
INFO: [VRFC 10-311] analyzing module EX_IF
INFO: [VRFC 10-2263] Analyzing Verilog file "D:/Desktop/RISC-V-pipeline/RISC-V-pipeline.srcs/sources_1/imports/risc-v-cpu-pipeline/combine/EX_MEM.v" into library xil_defaultlib
INFO: [VRFC 10-311] analyzing module EX_MEM
INFO: [VRFC 10-2263] Analyzing Verilog file "D:/Desktop/RISC-V-pipeline/RISC-V-pipeline.srcs/sources_1/imports/risc-v-cpu-pipeline/basic/ctrl/ExceptionCTRL.v" into library xil_defaultlib
INFO: [VRFC 10-311] analyzing module ExceptionCTRL
INFO: [VRFC 10-2263] Analyzing Verilog file "D:/Desktop/RISC-V-pipeline/RISC-V-pipeline.srcs/sources_1/imports/risc-v-cpu-pipeline/basic/ctrl/ForwardingUnit.v" into library xil_defaultlib
INFO: [VRFC 10-311] analyzing module ForwardingUnit
INFO: [VRFC 10-2263] Analyzing Verilog file "D:/Desktop/RISC-V-pipeline/RISC-V-pipeline.srcs/sources_1/imports/risc-v-cpu-pipeline/combine/ID.v" into library xil_defaultlib
INFO: [VRFC 10-311] analyzing module ID
INFO: [VRFC 10-2263] Analyzing Verilog file "D:/Desktop/RISC-V-pipeline/RISC-V-pipeline.srcs/sources_1/imports/risc-v-cpu-pipeline/combine/ID_EX.v" into library xil_defaultlib
INFO: [VRFC 10-311] analyzing module ID_EX
INFO: [VRFC 10-2263] Analyzing Verilog file "D:/Desktop/RISC-V-pipeline/RISC-V-pipeline.srcs/sources_1/imports/risc-v-cpu-pipeline/combine/IF.v" into library xil_defaultlib
INFO: [VRFC 10-311] analyzing module IF
INFO: [VRFC 10-2263] Analyzing Verilog file "D:/Desktop/RISC-V-pipeline/RISC-V-pipeline.srcs/sources_1/imports/risc-v-cpu-pipeline/combine/IF_ID.v" into library xil_defaultlib
INFO: [VRFC 10-311] analyzing module IF_ID
INFO: [VRFC 10-2263] Analyzing Verilog file "D:/Desktop/RISC-V-pipeline/RISC-V-pipeline.srcs/sources_1/imports/risc-v-cpu-pipeline/basic/ctrl/InstDivider.v" into library xil_defaultlib
INFO: [VRFC 10-311] analyzing module InstDivider
INFO: [VRFC 10-2263] Analyzing Verilog file "D:/Desktop/RISC-V-pipeline/RISC-V-pipeline.srcs/sources_1/imports/risc-v-cpu-pipeline/combine/MEM.v" into library xil_defaultlib
INFO: [VRFC 10-311] analyzing module MEM
INFO: [VRFC 10-2263] Analyzing Verilog file "D:/Desktop/RISC-V-pipeline/RISC-V-pipeline.srcs/sources_1/imports/risc-v-cpu-pipeline/combine/MEM_WB.v" into library xil_defaultlib
INFO: [VRFC 10-311] analyzing module MEM_WB
INFO: [VRFC 10-2263] Analyzing Verilog file "D:/Desktop/RISC-V-pipeline/RISC-V-pipeline.srcs/sources_1/imports/risc-v-cpu-pipeline/basic/pc/NPC.v" into library xil_defaultlib
INFO: [VRFC 10-311] analyzing module NPC
INFO: [VRFC 10-2263] Analyzing Verilog file "D:/Desktop/RISC-V-pipeline/RISC-V-pipeline.srcs/sources_1/imports/risc-v-cpu-pipeline/basic/pc/PC.v" into library xil_defaultlib
INFO: [VRFC 10-311] analyzing module PC
INFO: [VRFC 10-2263] Analyzing Verilog file "D:/Desktop/RISC-V-pipeline/RISC-V-pipeline.srcs/sources_1/imports/risc-v-cpu-pipeline/combine/WB.v" into library xil_defaultlib
INFO: [VRFC 10-311] analyzing module WB
INFO: [VRFC 10-2263] Analyzing Verilog file "D:/Desktop/RISC-V-pipeline/RISC-V-pipeline.srcs/sources_1/imports/risc-v-cpu-pipeline/IO/buffer/buffer.v" into library xil_defaultlib
INFO: [VRFC 10-311] analyzing module Buffer
INFO: [VRFC 10-2263] Analyzing Verilog file "D:/Desktop/RISC-V-pipeline/RISC-V-pipeline.srcs/sources_1/imports/risc-v-cpu-pipeline/basic/mem/dataMem.v" into library xil_defaultlib
INFO: [VRFC 10-311] analyzing module DataMem
INFO: [VRFC 10-2263] Analyzing Verilog file "D:/Desktop/RISC-V-pipeline/RISC-V-pipeline.srcs/sources_1/imports/risc-v-cpu-pipeline/IO/clk/deviceCLK.v" into library xil_defaultlib
INFO: [VRFC 10-311] analyzing module DeviceCLK
INFO: [VRFC 10-2263] Analyzing Verilog file "D:/Desktop/RISC-V-pipeline/RISC-V-pipeline.srcs/sources_1/imports/risc-v-cpu-pipeline/basic/alu/immGen.v" into library xil_defaultlib
INFO: [VRFC 10-311] analyzing module ImmGen
INFO: [VRFC 10-2263] Analyzing Verilog file "D:/Desktop/RISC-V-pipeline/RISC-V-pipeline.srcs/sources_1/imports/risc-v-cpu-pipeline/IO/interface_LED_SWITCH/inputCtrl_LED.v" into library xil_defaultlib
INFO: [VRFC 10-311] analyzing module InputCtrl_LED
INFO: [VRFC 10-2263] Analyzing Verilog file "D:/Desktop/RISC-V-pipeline/RISC-V-pipeline.srcs/sources_1/imports/risc-v-cpu-pipeline/IO/interface_NUMLED/inputCtrl_NUMLED.v" into library xil_defaultlib
INFO: [VRFC 10-311] analyzing module InputCtrl_NUMLED
INFO: [VRFC 10-2263] Analyzing Verilog file "D:/Desktop/RISC-V-pipeline/RISC-V-pipeline.srcs/sources_1/imports/risc-v-cpu-pipeline/IO/interface_RAM/inputCtrl_RAM.v" into library xil_defaultlib
INFO: [VRFC 10-311] analyzing module InputCtrl_RAM
INFO: [VRFC 10-2263] Analyzing Verilog file "D:/Desktop/RISC-V-pipeline/RISC-V-pipeline.srcs/sources_1/imports/risc-v-cpu-pipeline/basic/mem/instMem.v" into library xil_defaultlib
INFO: [VRFC 10-311] analyzing module InstMem
INFO: [VRFC 10-2263] Analyzing Verilog file "D:/Desktop/RISC-V-pipeline/RISC-V-pipeline.srcs/sources_1/imports/risc-v-cpu-pipeline/IO/interface_LED_SWITCH/interface_LED_SWITCH.v" into library xil_defaultlib
INFO: [VRFC 10-311] analyzing module Interface_LED_SWITCH
INFO: [VRFC 10-2263] Analyzing Verilog file "D:/Desktop/RISC-V-pipeline/RISC-V-pipeline.srcs/sources_1/imports/risc-v-cpu-pipeline/IO/interface_NUMLED/interface_NUMLED.v" into library xil_defaultlib
INFO: [VRFC 10-311] analyzing module Interface_NUMLED
INFO: [VRFC 10-2263] Analyzing Verilog file "D:/Desktop/RISC-V-pipeline/RISC-V-pipeline.srcs/sources_1/imports/risc-v-cpu-pipeline/IO/interface_RAM/interface_RAM.v" into library xil_defaultlib
INFO: [VRFC 10-311] analyzing module Interface_RAM
INFO: [VRFC 10-2263] Analyzing Verilog file "D:/Desktop/RISC-V-pipeline/RISC-V-pipeline.srcs/sources_1/imports/risc-v-cpu-pipeline/miniRV.v" into library xil_defaultlib
INFO: [VRFC 10-311] analyzing module mini_rv
INFO: [VRFC 10-2263] Analyzing Verilog file "D:/Desktop/RISC-V-pipeline/RISC-V-pipeline.srcs/sources_1/imports/risc-v-cpu-pipeline/IO/interface_RAM/outputCtrl_RAM.v" into library xil_defaultlib
INFO: [VRFC 10-311] analyzing module OutputCtrl_RAM
INFO: [VRFC 10-2263] Analyzing Verilog file "D:/Desktop/RISC-V-pipeline/RISC-V-pipeline.srcs/sources_1/imports/risc-v-cpu-pipeline/IO/interface_LED_SWITCH/outputCtrl_Switch.v" into library xil_defaultlib
INFO: [VRFC 10-311] analyzing module OutputCtrl_Switch
INFO: [VRFC 10-2263] Analyzing Verilog file "D:/Desktop/RISC-V-pipeline/RISC-V-pipeline.srcs/sources_1/imports/risc-v-cpu-pipeline/basic/mem/regFIle.v" into library xil_defaultlib
INFO: [VRFC 10-311] analyzing module RegFile
INFO: [VRFC 10-2263] Analyzing Verilog file "D:/Desktop/RISC-V-pipeline/RISC-V-pipeline.srcs/sources_1/imports/risc-v-cpu-pipeline/top.v" into library xil_defaultlib
INFO: [VRFC 10-311] analyzing module top
INFO: [VRFC 10-2263] Analyzing Verilog file "D:/Desktop/RISC-V-pipeline/RISC-V-pipeline.srcs/sim_1/new/top_tb.v" into library xil_defaultlib
INFO: [VRFC 10-311] analyzing module top_tb
run_program: Time (s): cpu = 00:00:00 ; elapsed = 00:00:05 . Memory (MB): peak = 1238.996 ; gain = 0.000
INFO: [USF-XSim-69] 'compile' step finished in '5' seconds
launch_simulation: Time (s): cpu = 00:00:01 ; elapsed = 00:00:06 . Memory (MB): peak = 1238.996 ; gain = 0.000
Command: launch_simulation -step elaborate -simset sim_1 -mode behavioral
INFO: [Vivado 12-12493] Simulation top is 'top_tb'
WARNING: [Vivado 12-13340] Unable to auto find GCC executables from simulator install path! (path not set)
WARNING: [Vivado 12-13277] Compiled library path does not exist: ''
INFO: [Vivado 12-5698] Checking validity of IPs in the design for the 'XSim' simulator...
INFO: [Vivado 12-5682] Launching behavioral simulation in 'D:/Desktop/RISC-V-pipeline/RISC-V-pipeline.sim/sim_1/behav/xsim'
INFO: [Vivado 12-4795] Using compiled simulation libraries for IPs
INFO: [SIM-utils-51] Simulation object is 'sim_1'
INFO: [USF-XSim-3] XSim::Elaborate design
INFO: [USF-XSim-61] Executing 'ELABORATE' step in 'D:/Desktop/RISC-V-pipeline/RISC-V-pipeline.sim/sim_1/behav/xsim'
"xelab --incr --debug typical --relax --mt 2 -L xil_defaultlib -L dist_mem_gen_v8_0_13 -L unisims_ver -L unimacro_ver -L secureip -L xpm --snapshot top_tb_behav xil_defaultlib.top_tb xil_defaultlib.glbl -log elaborate.log"
Vivado Simulator v2022.2
Copyright 1986-1999, 2001-2022 Xilinx, Inc. All Rights Reserved.
Running: D:/Software/Vivado2022/Vivado/2022.2/bin/unwrapped/win64.o/xelab.exe --incr --debug typical --relax --mt 2 -L xil_defaultlib -L dist_mem_gen_v8_0_13 -L unisims_ver -L unimacro_ver -L secureip -L xpm --snapshot top_tb_behav xil_defaultlib.top_tb xil_defaultlib.glbl -log elaborate.log 
Using 2 slave threads.
Starting static elaboration
Pass Through NonSizing Optimizer
WARNING: [VRFC 10-5021] port 'reset' is not connected on this instance [D:/Desktop/RISC-V-pipeline/RISC-V-pipeline.srcs/sources_1/imports/risc-v-cpu-pipeline/top.v:26]
WARNING: [VRFC 10-5021] port 'BC' is not connected on this instance [D:/Desktop/RISC-V-pipeline/RISC-V-pipeline.srcs/sources_1/imports/risc-v-cpu-pipeline/top.v:62]
Completed static elaboration
Starting simulation data flow analysis
Completed simulation data flow analysis
Time Resolution for simulation is 1ps
Compiling module unisims_ver.IBUF
Compiling module unisims_ver.PLLE2_ADV(CLKFBOUT_MULT=33,CLKIN...
Compiling module unisims_ver.BUFG
Compiling module xil_defaultlib.cpuclk_clk_wiz
Compiling module xil_defaultlib.cpuclk
Compiling module xil_defaultlib.BHT
Compiling module xil_defaultlib.BranchPredictor
Compiling module xil_defaultlib.NPC
Compiling module xil_defaultlib.PC
Compiling module dist_mem_gen_v8_0_13.dist_mem_gen_v8_0_13(C_FAMILY="a...
Compiling module xil_defaultlib.inst_mem
Compiling module xil_defaultlib.InstMem
Compiling module xil_defaultlib.BranchCTRL
Compiling module xil_defaultlib.IF
Compiling module xil_defaultlib.IF_ID
Compiling module xil_defaultlib.EX_IF
Compiling module xil_defaultlib.InstDivider
Compiling module xil_defaultlib.ALUope
Compiling module xil_defaultlib.CTRL
Compiling module xil_defaultlib.RegFile
Compiling module xil_defaultlib.ImmGen
Compiling module xil_defaultlib.ID
Compiling module xil_defaultlib.ID_EX
Compiling module xil_defaultlib.ALU
Compiling module xil_defaultlib.COMP
Compiling module xil_defaultlib.EX
Compiling module xil_defaultlib.EX_MEM
Compiling module xil_defaultlib.MEM
Compiling module xil_defaultlib.MEM_WB
Compiling module xil_defaultlib.WB
Compiling module xil_defaultlib.ForwardingUnit
Compiling module xil_defaultlib.ExceptionCTRL
Compiling module xil_defaultlib.mini_rv
Compiling module xil_defaultlib.DeviceCLK(EXTEND=100)
Compiling module xil_defaultlib.InputCtrl_RAM
Compiling module xil_defaultlib.OutputCtrl_RAM
Compiling module dist_mem_gen_v8_0_13.dist_mem_gen_v8_0_13(C_FAMILY="a...
Compiling module xil_defaultlib.data_mem
Compiling module xil_defaultlib.DataMem
Compiling module xil_defaultlib.Interface_RAM
Compiling module xil_defaultlib.Buffer
Compiling module xil_defaultlib.InputCtrl_NUMLED
Compiling module xil_defaultlib.Interface_NUMLED
Compiling module xil_defaultlib.InputCtrl_LED
Compiling module xil_defaultlib.OutputCtrl_Switch
Compiling module xil_defaultlib.Interface_LED_SWITCH
Compiling module xil_defaultlib.BUS
Compiling module xil_defaultlib.top
Compiling module xil_defaultlib.top_tb
Compiling module xil_defaultlib.glbl
Built simulation snapshot top_tb_behav
run_program: Time (s): cpu = 00:00:00 ; elapsed = 00:00:05 . Memory (MB): peak = 1238.996 ; gain = 0.000
INFO: [USF-XSim-69] 'elaborate' step finished in '5' seconds
launch_simulation: Time (s): cpu = 00:00:00 ; elapsed = 00:00:05 . Memory (MB): peak = 1238.996 ; gain = 0.000
Time resolution is 1 ps
WARNING: This core is supplied with a behavioral model. To model cycle-accurate behavior you must run timing simulation.
WARNING: This core is supplied with a behavioral model. To model cycle-accurate behavior you must run timing simulation.
relaunch_sim: Time (s): cpu = 00:00:01 ; elapsed = 00:00:13 . Memory (MB): peak = 1238.996 ; gain = 0.000
run all
run: Time (s): cpu = 00:00:02 ; elapsed = 00:00:07 . Memory (MB): peak = 1241.141 ; gain = 2.145
run all
run: Time (s): cpu = 00:00:02 ; elapsed = 00:00:07 . Memory (MB): peak = 1242.066 ; gain = 0.926
